<2016-10-04 15:23:30,388> ERROR/dytt_spider/getPage, Line:66: encode type not add {'confidence': 0.99, 'encoding': 'GB2312'}
<2016-10-04 15:23:30,993> ERROR/dytt_spider/getPage, Line:66: encode type not add {'confidence': 0.99, 'encoding': 'GB2312'}
<2016-10-04 15:23:31,285> ERROR/dytt_spider/getPage, Line:66: encode type not add {'confidence': 0.99, 'encoding': 'GB2312'}
<2016-10-04 15:23:31,943> ERROR/dytt_spider/getPage, Line:66: encode type not add {'confidence': 0.99, 'encoding': 'GB2312'}
<2016-10-04 15:23:32,223> ERROR/dytt_spider/getPage, Line:66: encode type not add {'confidence': 0.99, 'encoding': 'GB2312'}
<2016-10-04 15:23:33,068> ERROR/dytt_spider/getPage, Line:66: encode type not add {'confidence': 0.99, 'encoding': 'GB2312'}
<2016-10-04 15:23:33,362> ERROR/dytt_spider/getPage, Line:66: encode type not add {'confidence': 0.99, 'encoding': 'GB2312'}
<2016-10-04 15:23:33,917> ERROR/dytt_spider/getPage, Line:66: encode type not add {'confidence': 0.99, 'encoding': 'GB2312'}
<2016-10-04 15:23:34,194> ERROR/dytt_spider/getPage, Line:66: encode type not add {'confidence': 0.99, 'encoding': 'GB2312'}
<2016-10-04 15:23:35,049> ERROR/dytt_spider/getPage, Line:66: encode type not add {'confidence': 0.99, 'encoding': 'GB2312'}
<2016-10-04 15:23:35,243> ERROR/dytt_spider/getPage, Line:66: encode type not add {'confidence': 0.99, 'encoding': 'GB2312'}
<2016-10-04 15:23:35,921> ERROR/dytt_spider/getPage, Line:66: encode type not add {'confidence': 0.99, 'encoding': 'GB2312'}
<2016-10-04 15:23:36,115> ERROR/dytt_spider/getPage, Line:66: encode type not add {'confidence': 0.99, 'encoding': 'GB2312'}
<2016-10-04 15:23:36,953> ERROR/dytt_spider/getPage, Line:66: encode type not add {'confidence': 0.99, 'encoding': 'GB2312'}
<2016-10-04 15:23:37,854> ERROR/dytt_spider/getPage, Line:66: encode type not add {'confidence': 0.99, 'encoding': 'GB2312'}
<2016-10-04 15:24:32,805> ERROR/dytt_spider/getPage, Line:66: encode type not add {'confidence': 0.99, 'encoding': 'GB2312'}
<2016-10-04 15:24:33,756> ERROR/dytt_spider/getPage, Line:66: encode type not add {'confidence': 0.99, 'encoding': 'GB2312'}
<2016-10-04 15:24:34,605> ERROR/dytt_spider/getPage, Line:66: encode type not add {'confidence': 0.99, 'encoding': 'GB2312'}
<2016-10-04 15:24:35,437> ERROR/dytt_spider/getPage, Line:66: encode type not add {'confidence': 0.99, 'encoding': 'GB2312'}
<2016-10-04 15:24:36,265> ERROR/dytt_spider/getPage, Line:66: encode type not add {'confidence': 0.99, 'encoding': 'GB2312'}
<2016-10-04 15:24:37,101> ERROR/dytt_spider/getPage, Line:66: encode type not add {'confidence': 0.99, 'encoding': 'GB2312'}
<2016-10-04 15:24:37,980> ERROR/dytt_spider/getPage, Line:66: encode type not add {'confidence': 0.99, 'encoding': 'GB2312'}
<2016-10-04 15:24:38,875> ERROR/dytt_spider/getPage, Line:66: encode type not add {'confidence': 0.99, 'encoding': 'GB2312'}
<2016-10-04 15:24:39,746> ERROR/dytt_spider/getPage, Line:66: encode type not add {'confidence': 0.99, 'encoding': 'GB2312'}
<2016-10-04 15:24:40,598> ERROR/dytt_spider/getPage, Line:66: encode type not add {'confidence': 0.99, 'encoding': 'GB2312'}
<2016-10-04 15:24:41,467> ERROR/dytt_spider/getPage, Line:66: encode type not add {'confidence': 0.99, 'encoding': 'GB2312'}
<2016-10-04 15:26:00,595> ERROR/dytt_spider/getHomePageMovieDetail, Line:186: get url :http://www.ygdy8.net/html/gndy/dyzz/20160919/51993.html failed
<2016-10-04 15:26:00,595> INFO/tool/getReleaseTime, Line:43: 2016-10-03
<2016-10-04 15:26:00,601> INFO/tool/getStarScore, Line:55: 7.2
<2016-10-04 15:26:00,604> INFO/tool/getMovieType, Line:65: 剧情/传记/犯罪
<2016-10-04 15:26:00,605> INFO/tool/getReleaseTime, Line:43: 2016-10-03
<2016-10-04 15:26:00,605> INFO/tool/getStarScore, Line:55: 7.2
<2016-10-04 15:26:00,607> INFO/tool/getMovieType, Line:65: 剧情/喜剧/动作
<2016-10-04 15:26:00,608> INFO/tool/getReleaseTime, Line:43: 2016-10-02
<2016-10-04 15:26:00,608> INFO/tool/getStarScore, Line:55: 8.0
<2016-10-04 15:26:00,608> INFO/tool/getMovieType, Line:65: 剧情/动画/奇幻
<2016-10-04 15:26:00,609> INFO/tool/getReleaseTime, Line:43: 2016-10-02
<2016-10-04 15:26:00,609> INFO/tool/getStarScore, Line:55: 6.4
<2016-10-04 15:26:00,609> INFO/tool/getMovieType, Line:65: 剧情/动作/犯罪
<2016-10-04 15:26:00,611> INFO/tool/getReleaseTime, Line:43: 2016-10-02
<2016-10-04 15:26:00,611> INFO/tool/getStarScore, Line:55: 7.7
<2016-10-04 15:26:00,611> INFO/tool/getMovieType, Line:65: 剧情/爱情/犯罪
<2016-10-04 15:26:00,612> INFO/tool/getReleaseTime, Line:43: 2016-09-29
<2016-10-04 15:26:00,614> INFO/tool/getStarScore, Line:55: 6.4
<2016-10-04 15:26:00,614> INFO/tool/getMovieType, Line:65: 奇幻/冒险
<2016-10-04 15:26:00,615> INFO/tool/getReleaseTime, Line:43: 2016-09-28
<2016-10-04 15:26:00,615> INFO/tool/getStarScore, Line:55: 5.5
<2016-10-04 15:26:00,615> INFO/tool/getMovieType, Line:65: 动作/喜剧/科幻
<2016-10-04 15:26:00,617> INFO/tool/getReleaseTime, Line:43: 2016-09-24
<2016-10-04 15:26:00,617> INFO/tool/getStarScore, Line:55: 5.5
<2016-10-04 15:26:00,618> INFO/tool/getMovieType, Line:65: 动作/喜剧/科幻
<2016-10-04 15:26:00,618> INFO/tool/getReleaseTime, Line:43: 2016-09-24
<2016-10-04 15:26:00,618> INFO/tool/getStarScore, Line:55: 7.1
<2016-10-04 15:26:00,619> INFO/tool/getMovieType, Line:65: 剧情/科幻/动画/奇幻/冒险
<2016-10-04 15:26:00,621> INFO/tool/getReleaseTime, Line:43: 2016-09-23
<2016-10-04 15:26:00,621> INFO/tool/getStarScore, Line:55: 7.8
<2016-10-04 15:26:00,621> INFO/tool/getMovieType, Line:65: 剧情/喜剧/冒险
<2016-10-04 15:26:00,622> INFO/tool/getReleaseTime, Line:43: 2016-09-23
<2016-10-04 15:26:00,624> INFO/tool/getStarScore, Line:55: 5.7
<2016-10-04 15:26:00,624> INFO/tool/getMovieType, Line:65: 喜剧/动作
<2016-10-04 15:26:00,625> INFO/tool/getReleaseTime, Line:43: 2016-09-22
<2016-10-04 15:26:00,625> INFO/tool/getStarScore, Line:55: 6.1
<2016-10-04 15:26:00,625> INFO/tool/getMovieType, Line:65: 动作/科幻/恐怖
<2016-10-04 15:26:00,625> INFO/tool/getReleaseTime, Line:43: 2016-09-20
<2016-10-04 15:26:00,627> INFO/tool/getMovieType, Line:65: 爱情
<2016-10-04 15:26:00,627> INFO/tool/getReleaseTime, Line:43: 2016-09-19
<2016-10-04 15:26:00,628> INFO/tool/getStarScore, Line:55: 6.4
<2016-10-04 15:26:00,628> INFO/tool/getMovieType, Line:65: 奇幻/冒险
<2016-10-04 15:26:00,628> INFO/movie_model_operation/set_array_movies_data, Line:65: prepare to write data to database
<2016-10-04 15:26:00,631> INFO/movie_model_operation/set_array_movies_data, Line:81: before title 2016年犯罪剧情传记《潜伏者》BD中英双字幕
<2016-10-04 15:26:00,632> INFO/movie_model_operation/set_array_movies_data, Line:100: after new_movie safe
<2016-10-04 15:26:00,634> WARNING/__init__/get_prep_value, Line:1474: D:\Program Files (x86)\Python27\lib\site-packages\django-1.8.7-py2.7.egg\django\db\models\fields\__init__.py:1474: RuntimeWarning: DateTimeField MovieDetailModel.release_time received a naive datetime (2016-10-03 00:00:00) while time zone support is active.
  RuntimeWarning)

<2016-10-04 15:26:00,801> INFO/movie_model_operation/set_array_movies_data, Line:81: before title 2016年动作喜剧《赏金猎人》BD国粤双语中字
<2016-10-04 15:26:00,801> INFO/movie_model_operation/set_array_movies_data, Line:100: after new_movie safe
<2016-10-04 15:26:00,901> INFO/movie_model_operation/set_array_movies_data, Line:81: before title 2016年奇幻动画《大鱼海棠》HD国语中字
<2016-10-04 15:26:00,901> INFO/movie_model_operation/set_array_movies_data, Line:100: after new_movie safe
<2016-10-04 15:26:00,901> WARNING/__init__/get_prep_value, Line:1474: D:\Program Files (x86)\Python27\lib\site-packages\django-1.8.7-py2.7.egg\django\db\models\fields\__init__.py:1474: RuntimeWarning: DateTimeField MovieDetailModel.release_time received a naive datetime (2016-10-02 00:00:00) while time zone support is active.
  RuntimeWarning)

<2016-10-04 15:26:01,052> INFO/movie_model_operation/set_array_movies_data, Line:118: write data success
<2016-10-04 15:26:01,055> WARNING/__init__/get_prep_value, Line:1474: D:\Program Files (x86)\Python27\lib\site-packages\django-1.8.7-py2.7.egg\django\db\models\fields\__init__.py:1474: RuntimeWarning: DateTimeField MovieModel.release_time received a naive datetime (2016-10-03 00:00:00) while time zone support is active.
  RuntimeWarning)

<2016-10-04 15:26:01,055> WARNING/__init__/get_prep_value, Line:1474: D:\Program Files (x86)\Python27\lib\site-packages\django-1.8.7-py2.7.egg\django\db\models\fields\__init__.py:1474: RuntimeWarning: DateTimeField MovieModel.release_time received a naive datetime (2016-10-02 00:00:00) while time zone support is active.
  RuntimeWarning)

<2016-10-04 15:26:02,466> ERROR/dytt_spider/getHomePageMovieDetail, Line:186: get url :http://www.ygdy8.net/html/gndy/dyzz/20160919/51993.html failed
<2016-10-04 15:26:02,466> INFO/tool/getReleaseTime, Line:43: 2016-10-03
<2016-10-04 15:26:02,470> INFO/tool/getStarScore, Line:55: 7.2
<2016-10-04 15:26:02,470> INFO/tool/getMovieType, Line:65: 剧情/传记/犯罪
<2016-10-04 15:26:02,471> INFO/tool/getReleaseTime, Line:43: 2016-10-03
<2016-10-04 15:26:02,473> INFO/tool/getStarScore, Line:55: 7.2
<2016-10-04 15:26:02,473> INFO/tool/getMovieType, Line:65: 剧情/喜剧/动作
<2016-10-04 15:26:02,474> INFO/tool/getReleaseTime, Line:43: 2016-10-02
<2016-10-04 15:26:02,474> INFO/tool/getStarScore, Line:55: 8.0
<2016-10-04 15:26:02,476> INFO/tool/getMovieType, Line:65: 剧情/动画/奇幻
<2016-10-04 15:26:02,476> INFO/tool/getReleaseTime, Line:43: 2016-10-02
<2016-10-04 15:26:02,476> INFO/tool/getStarScore, Line:55: 6.4
<2016-10-04 15:26:02,477> INFO/tool/getMovieType, Line:65: 剧情/动作/犯罪
<2016-10-04 15:26:02,479> INFO/tool/getReleaseTime, Line:43: 2016-10-02
<2016-10-04 15:26:02,479> INFO/tool/getStarScore, Line:55: 7.7
<2016-10-04 15:26:02,480> INFO/tool/getMovieType, Line:65: 剧情/爱情/犯罪
<2016-10-04 15:26:02,480> INFO/tool/getReleaseTime, Line:43: 2016-09-29
<2016-10-04 15:26:02,480> INFO/tool/getStarScore, Line:55: 6.4
<2016-10-04 15:26:02,482> INFO/tool/getMovieType, Line:65: 奇幻/冒险
<2016-10-04 15:26:02,483> INFO/tool/getReleaseTime, Line:43: 2016-09-28
<2016-10-04 15:26:02,483> INFO/tool/getStarScore, Line:55: 5.5
<2016-10-04 15:26:02,483> INFO/tool/getMovieType, Line:65: 动作/喜剧/科幻
<2016-10-04 15:26:02,483> INFO/tool/getReleaseTime, Line:43: 2016-09-24
<2016-10-04 15:26:02,484> INFO/tool/getStarScore, Line:55: 5.5
<2016-10-04 15:26:02,484> INFO/tool/getMovieType, Line:65: 动作/喜剧/科幻
<2016-10-04 15:26:02,486> INFO/tool/getReleaseTime, Line:43: 2016-09-24
<2016-10-04 15:26:02,486> INFO/tool/getStarScore, Line:55: 7.1
<2016-10-04 15:26:02,487> INFO/tool/getMovieType, Line:65: 剧情/科幻/动画/奇幻/冒险
<2016-10-04 15:26:02,489> INFO/tool/getReleaseTime, Line:43: 2016-09-23
<2016-10-04 15:26:02,490> INFO/tool/getStarScore, Line:55: 7.8
<2016-10-04 15:26:02,490> INFO/tool/getMovieType, Line:65: 剧情/喜剧/冒险
<2016-10-04 15:26:02,490> INFO/tool/getReleaseTime, Line:43: 2016-09-23
<2016-10-04 15:26:02,490> INFO/tool/getStarScore, Line:55: 5.7
<2016-10-04 15:26:02,492> INFO/tool/getMovieType, Line:65: 喜剧/动作
<2016-10-04 15:26:02,492> INFO/tool/getReleaseTime, Line:43: 2016-09-22
<2016-10-04 15:26:02,493> INFO/tool/getStarScore, Line:55: 6.1
<2016-10-04 15:26:02,493> INFO/tool/getMovieType, Line:65: 动作/科幻/恐怖
<2016-10-04 15:26:02,494> INFO/tool/getReleaseTime, Line:43: 2016-09-20
<2016-10-04 15:26:02,494> INFO/tool/getMovieType, Line:65: 爱情
<2016-10-04 15:26:02,496> INFO/tool/getReleaseTime, Line:43: 2016-09-19
<2016-10-04 15:26:02,496> INFO/tool/getStarScore, Line:55: 6.4
<2016-10-04 15:26:02,496> INFO/tool/getMovieType, Line:65: 奇幻/冒险
<2016-10-04 15:26:02,497> INFO/movie_model_operation/set_array_movies_data, Line:65: prepare to write data to database
<2016-10-04 15:26:02,502> INFO/movie_model_operation/set_array_movies_data, Line:81: before title 2016年犯罪剧情传记《潜伏者》BD中英双字幕
<2016-10-04 15:26:02,503> INFO/movie_model_operation/set_array_movies_data, Line:100: after new_movie safe
<2016-10-04 15:26:02,503> WARNING/__init__/get_prep_value, Line:1474: D:\Program Files (x86)\Python27\lib\site-packages\django-1.8.7-py2.7.egg\django\db\models\fields\__init__.py:1474: RuntimeWarning: DateTimeField MovieDetailModel.release_time received a naive datetime (2016-10-03 00:00:00) while time zone support is active.
  RuntimeWarning)

<2016-10-04 15:26:02,696> INFO/movie_model_operation/set_array_movies_data, Line:81: before title 2016年动作喜剧《赏金猎人》BD国粤双语中字
<2016-10-04 15:26:02,696> INFO/movie_model_operation/set_array_movies_data, Line:100: after new_movie safe
<2016-10-04 15:26:02,767> INFO/movie_model_operation/set_array_movies_data, Line:81: before title 2016年奇幻动画《大鱼海棠》HD国语中字
<2016-10-04 15:26:02,783> INFO/movie_model_operation/set_array_movies_data, Line:100: after new_movie safe
<2016-10-04 15:26:02,785> WARNING/__init__/get_prep_value, Line:1474: D:\Program Files (x86)\Python27\lib\site-packages\django-1.8.7-py2.7.egg\django\db\models\fields\__init__.py:1474: RuntimeWarning: DateTimeField MovieDetailModel.release_time received a naive datetime (2016-10-02 00:00:00) while time zone support is active.
  RuntimeWarning)

<2016-10-04 15:26:02,861> INFO/movie_model_operation/set_array_movies_data, Line:118: write data success
<2016-10-04 15:26:02,862> WARNING/__init__/get_prep_value, Line:1474: D:\Program Files (x86)\Python27\lib\site-packages\django-1.8.7-py2.7.egg\django\db\models\fields\__init__.py:1474: RuntimeWarning: DateTimeField MovieModel.release_time received a naive datetime (2016-10-03 00:00:00) while time zone support is active.
  RuntimeWarning)

<2016-10-04 15:26:02,864> WARNING/__init__/get_prep_value, Line:1474: D:\Program Files (x86)\Python27\lib\site-packages\django-1.8.7-py2.7.egg\django\db\models\fields\__init__.py:1474: RuntimeWarning: DateTimeField MovieModel.release_time received a naive datetime (2016-10-02 00:00:00) while time zone support is active.
  RuntimeWarning)

<2016-10-04 15:30:11,532> ERROR/dytt_spider/getHomePageMovieDetail, Line:186: get url :http://www.ygdy8.net/html/gndy/dyzz/20160919/51993.html failed
<2016-10-04 15:30:11,532> INFO/tool/getReleaseTime, Line:43: 2016-10-03
<2016-10-04 15:30:11,538> INFO/tool/getStarScore, Line:55: 7.2
<2016-10-04 15:30:11,540> INFO/tool/getMovieType, Line:65: 剧情/传记/犯罪
<2016-10-04 15:30:11,542> INFO/tool/getReleaseTime, Line:43: 2016-10-03
<2016-10-04 15:30:11,542> INFO/tool/getStarScore, Line:55: 7.2
<2016-10-04 15:30:11,543> INFO/tool/getMovieType, Line:65: 剧情/喜剧/动作
<2016-10-04 15:30:11,543> INFO/tool/getReleaseTime, Line:43: 2016-10-02
<2016-10-04 15:30:11,545> INFO/tool/getStarScore, Line:55: 8.0
<2016-10-04 15:30:11,545> INFO/tool/getMovieType, Line:65: 剧情/动画/奇幻
<2016-10-04 15:30:11,546> INFO/tool/getReleaseTime, Line:43: 2016-10-02
<2016-10-04 15:30:11,546> INFO/tool/getStarScore, Line:55: 6.4
<2016-10-04 15:30:11,546> INFO/tool/getMovieType, Line:65: 剧情/动作/犯罪
<2016-10-04 15:30:11,546> INFO/tool/getReleaseTime, Line:43: 2016-10-02
<2016-10-04 15:30:11,546> INFO/tool/getStarScore, Line:55: 7.7
<2016-10-04 15:30:11,548> INFO/tool/getMovieType, Line:65: 剧情/爱情/犯罪
<2016-10-04 15:30:11,549> INFO/tool/getReleaseTime, Line:43: 2016-09-29
<2016-10-04 15:30:11,549> INFO/tool/getStarScore, Line:55: 6.4
<2016-10-04 15:30:11,549> INFO/tool/getMovieType, Line:65: 奇幻/冒险
<2016-10-04 15:30:11,549> INFO/tool/getReleaseTime, Line:43: 2016-09-28
<2016-10-04 15:30:11,549> INFO/tool/getStarScore, Line:55: 5.5
<2016-10-04 15:30:11,551> INFO/tool/getMovieType, Line:65: 动作/喜剧/科幻
<2016-10-04 15:30:11,552> INFO/tool/getReleaseTime, Line:43: 2016-09-24
<2016-10-04 15:30:11,552> INFO/tool/getStarScore, Line:55: 5.5
<2016-10-04 15:30:11,552> INFO/tool/getMovieType, Line:65: 动作/喜剧/科幻
<2016-10-04 15:30:11,552> INFO/tool/getReleaseTime, Line:43: 2016-09-24
<2016-10-04 15:30:11,552> INFO/tool/getStarScore, Line:55: 7.1
<2016-10-04 15:30:11,553> INFO/tool/getMovieType, Line:65: 剧情/科幻/动画/奇幻/冒险
<2016-10-04 15:30:11,555> INFO/tool/getReleaseTime, Line:43: 2016-09-23
<2016-10-04 15:30:11,555> INFO/tool/getStarScore, Line:55: 7.8
<2016-10-04 15:30:11,555> INFO/tool/getMovieType, Line:65: 剧情/喜剧/冒险
<2016-10-04 15:30:11,555> INFO/tool/getReleaseTime, Line:43: 2016-09-23
<2016-10-04 15:30:11,555> INFO/tool/getStarScore, Line:55: 5.7
<2016-10-04 15:30:11,556> INFO/tool/getMovieType, Line:65: 喜剧/动作
<2016-10-04 15:30:11,558> INFO/tool/getReleaseTime, Line:43: 2016-09-22
<2016-10-04 15:30:11,558> INFO/tool/getStarScore, Line:55: 6.1
<2016-10-04 15:30:11,558> INFO/tool/getMovieType, Line:65: 动作/科幻/恐怖
<2016-10-04 15:30:11,559> INFO/tool/getReleaseTime, Line:43: 2016-09-20
<2016-10-04 15:30:11,559> INFO/tool/getMovieType, Line:65: 爱情
<2016-10-04 15:30:11,559> INFO/tool/getReleaseTime, Line:43: 2016-09-19
<2016-10-04 15:30:11,559> INFO/tool/getStarScore, Line:55: 6.4
<2016-10-04 15:30:11,561> INFO/tool/getMovieType, Line:65: 奇幻/冒险
<2016-10-04 15:30:11,561> INFO/movie_model_operation/set_array_movies_data, Line:65: prepare to write data to database
<2016-10-04 15:30:11,563> INFO/movie_model_operation/set_array_movies_data, Line:81: before title 2016年犯罪剧情传记《潜伏者》BD中英双字幕
<2016-10-04 15:30:11,565> INFO/movie_model_operation/set_array_movies_data, Line:100: after new_movie safe
<2016-10-04 15:30:11,565> INFO/movie_model_operation/set_array_movies_data, Line:81: before title 2016年动作喜剧《赏金猎人》BD国粤双语中字
<2016-10-04 15:30:11,565> INFO/movie_model_operation/set_array_movies_data, Line:100: after new_movie safe
<2016-10-04 15:30:11,565> INFO/movie_model_operation/set_array_movies_data, Line:81: before title 2016年奇幻动画《大鱼海棠》HD国语中字
<2016-10-04 15:30:11,566> INFO/movie_model_operation/set_array_movies_data, Line:100: after new_movie safe
<2016-10-04 15:30:11,566> INFO/movie_model_operation/set_array_movies_data, Line:117: write data success
<2016-10-04 15:30:11,569> WARNING/__init__/get_prep_value, Line:1474: D:\Program Files (x86)\Python27\lib\site-packages\django-1.8.7-py2.7.egg\django\db\models\fields\__init__.py:1474: RuntimeWarning: DateTimeField MovieModel.release_time received a naive datetime (2016-10-03 00:00:00) while time zone support is active.
  RuntimeWarning)

<2016-10-04 15:30:11,569> WARNING/__init__/get_prep_value, Line:1474: D:\Program Files (x86)\Python27\lib\site-packages\django-1.8.7-py2.7.egg\django\db\models\fields\__init__.py:1474: RuntimeWarning: DateTimeField MovieModel.release_time received a naive datetime (2016-10-02 00:00:00) while time zone support is active.
  RuntimeWarning)

<2016-10-04 15:35:00,558> ERROR/dytt_spider/getHomePageMovieDetail, Line:186: get url :http://www.ygdy8.net/html/gndy/dyzz/20160919/51993.html failed
<2016-10-04 15:35:00,559> INFO/tool/getReleaseTime, Line:43: 2016-10-03
<2016-10-04 15:35:00,561> INFO/tool/getStarScore, Line:55: 7.2
<2016-10-04 15:35:00,562> INFO/tool/getMovieType, Line:65: 剧情/传记/犯罪
<2016-10-04 15:35:00,562> INFO/tool/getReleaseTime, Line:43: 2016-10-03
<2016-10-04 15:35:00,562> INFO/tool/getStarScore, Line:55: 7.2
<2016-10-04 15:35:00,562> INFO/tool/getMovieType, Line:65: 剧情/喜剧/动作
<2016-10-04 15:35:00,562> INFO/tool/getReleaseTime, Line:43: 2016-10-02
<2016-10-04 15:35:00,563> INFO/tool/getStarScore, Line:55: 8.0
<2016-10-04 15:35:00,563> INFO/tool/getMovieType, Line:65: 剧情/动画/奇幻
<2016-10-04 15:35:00,565> INFO/tool/getReleaseTime, Line:43: 2016-10-02
<2016-10-04 15:35:00,565> INFO/tool/getStarScore, Line:55: 6.4
<2016-10-04 15:35:00,565> INFO/tool/getMovieType, Line:65: 剧情/动作/犯罪
<2016-10-04 15:35:00,565> INFO/tool/getReleaseTime, Line:43: 2016-10-02
<2016-10-04 15:35:00,565> INFO/tool/getStarScore, Line:55: 7.7
<2016-10-04 15:35:00,566> INFO/tool/getMovieType, Line:65: 剧情/爱情/犯罪
<2016-10-04 15:35:00,566> INFO/tool/getReleaseTime, Line:43: 2016-09-29
<2016-10-04 15:35:00,566> INFO/tool/getStarScore, Line:55: 6.4
<2016-10-04 15:35:00,568> INFO/tool/getMovieType, Line:65: 奇幻/冒险
<2016-10-04 15:35:00,569> INFO/tool/getReleaseTime, Line:43: 2016-09-28
<2016-10-04 15:35:00,569> INFO/tool/getStarScore, Line:55: 5.5
<2016-10-04 15:35:00,569> INFO/tool/getMovieType, Line:65: 动作/喜剧/科幻
<2016-10-04 15:35:00,569> INFO/tool/getReleaseTime, Line:43: 2016-09-24
<2016-10-04 15:35:00,569> INFO/tool/getStarScore, Line:55: 5.5
<2016-10-04 15:35:00,571> INFO/tool/getMovieType, Line:65: 动作/喜剧/科幻
<2016-10-04 15:35:00,571> INFO/tool/getReleaseTime, Line:43: 2016-09-24
<2016-10-04 15:35:00,572> INFO/tool/getStarScore, Line:55: 7.1
<2016-10-04 15:35:00,572> INFO/tool/getMovieType, Line:65: 剧情/科幻/动画/奇幻/冒险
<2016-10-04 15:35:00,572> INFO/tool/getReleaseTime, Line:43: 2016-09-23
<2016-10-04 15:35:00,573> INFO/tool/getStarScore, Line:55: 7.8
<2016-10-04 15:35:00,573> INFO/tool/getMovieType, Line:65: 剧情/喜剧/冒险
<2016-10-04 15:35:00,573> INFO/tool/getReleaseTime, Line:43: 2016-09-23
<2016-10-04 15:35:00,575> INFO/tool/getStarScore, Line:55: 5.7
<2016-10-04 15:35:00,575> INFO/tool/getMovieType, Line:65: 喜剧/动作
<2016-10-04 15:35:00,576> INFO/tool/getReleaseTime, Line:43: 2016-09-22
<2016-10-04 15:35:00,578> INFO/tool/getStarScore, Line:55: 6.1
<2016-10-04 15:35:00,578> INFO/tool/getMovieType, Line:65: 动作/科幻/恐怖
<2016-10-04 15:35:00,579> INFO/tool/getReleaseTime, Line:43: 2016-09-20
<2016-10-04 15:35:00,579> INFO/tool/getMovieType, Line:65: 爱情
<2016-10-04 15:35:00,581> INFO/tool/getReleaseTime, Line:43: 2016-09-19
<2016-10-04 15:35:00,581> INFO/tool/getStarScore, Line:55: 6.4
<2016-10-04 15:35:00,582> INFO/tool/getMovieType, Line:65: 奇幻/冒险
<2016-10-04 15:35:00,582> INFO/movie_model_operation/set_array_movies_data, Line:65: prepare to write data to database
<2016-10-04 15:35:00,585> INFO/movie_model_operation/set_array_movies_data, Line:81: before title 2016年犯罪剧情传记《潜伏者》BD中英双字幕
<2016-10-04 15:35:00,585> INFO/movie_model_operation/set_array_movies_data, Line:81: before title 2016年动作喜剧《赏金猎人》BD国粤双语中字
<2016-10-04 15:35:00,585> INFO/movie_model_operation/set_array_movies_data, Line:81: before title 2016年奇幻动画《大鱼海棠》HD国语中字
<2016-10-04 15:35:00,585> INFO/movie_model_operation/set_array_movies_data, Line:105: write data success
<2016-10-04 15:35:00,586> WARNING/__init__/get_prep_value, Line:1474: D:\Program Files (x86)\Python27\lib\site-packages\django-1.8.7-py2.7.egg\django\db\models\fields\__init__.py:1474: RuntimeWarning: DateTimeField MovieModel.release_time received a naive datetime (2016-10-03 00:00:00) while time zone support is active.
  RuntimeWarning)

<2016-10-04 15:35:00,588> WARNING/__init__/get_prep_value, Line:1474: D:\Program Files (x86)\Python27\lib\site-packages\django-1.8.7-py2.7.egg\django\db\models\fields\__init__.py:1474: RuntimeWarning: DateTimeField MovieModel.release_time received a naive datetime (2016-10-02 00:00:00) while time zone support is active.
  RuntimeWarning)

<2016-10-04 15:35:00,674> WARNING/__init__/get_prep_value, Line:1474: D:\Program Files (x86)\Python27\lib\site-packages\django-1.8.7-py2.7.egg\django\db\models\fields\__init__.py:1474: RuntimeWarning: DateTimeField MovieDetailModel.release_time received a naive datetime (2016-10-03 00:00:00) while time zone support is active.
  RuntimeWarning)

<2016-10-04 15:35:00,676> WARNING/__init__/get_prep_value, Line:1474: D:\Program Files (x86)\Python27\lib\site-packages\django-1.8.7-py2.7.egg\django\db\models\fields\__init__.py:1474: RuntimeWarning: DateTimeField MovieDetailModel.release_time received a naive datetime (2016-10-02 00:00:00) while time zone support is active.
  RuntimeWarning)

<2016-10-04 15:36:59,947> ERROR/dytt_spider/getHomePageMovieDetail, Line:186: get url :http://www.ygdy8.net/html/gndy/dyzz/20160919/51993.html failed
<2016-10-04 15:36:59,947> INFO/tool/getReleaseTime, Line:43: 2016-10-03
<2016-10-04 15:36:59,950> INFO/tool/getStarScore, Line:55: 7.2
<2016-10-04 15:36:59,950> INFO/tool/getMovieType, Line:65: 剧情/传记/犯罪
<2016-10-04 15:36:59,951> INFO/tool/getReleaseTime, Line:43: 2016-10-03
<2016-10-04 15:36:59,951> INFO/tool/getStarScore, Line:55: 7.2
<2016-10-04 15:36:59,951> INFO/tool/getMovieType, Line:65: 剧情/喜剧/动作
<2016-10-04 15:36:59,953> INFO/tool/getReleaseTime, Line:43: 2016-10-02
<2016-10-04 15:36:59,953> INFO/tool/getStarScore, Line:55: 8.0
<2016-10-04 15:36:59,953> INFO/tool/getMovieType, Line:65: 剧情/动画/奇幻
<2016-10-04 15:36:59,953> INFO/tool/getReleaseTime, Line:43: 2016-10-02
<2016-10-04 15:36:59,954> INFO/tool/getStarScore, Line:55: 6.4
<2016-10-04 15:36:59,954> INFO/tool/getMovieType, Line:65: 剧情/动作/犯罪
<2016-10-04 15:36:59,956> INFO/tool/getReleaseTime, Line:43: 2016-10-02
<2016-10-04 15:36:59,956> INFO/tool/getStarScore, Line:55: 7.7
<2016-10-04 15:36:59,956> INFO/tool/getMovieType, Line:65: 剧情/爱情/犯罪
<2016-10-04 15:36:59,957> INFO/tool/getReleaseTime, Line:43: 2016-09-29
<2016-10-04 15:36:59,957> INFO/tool/getStarScore, Line:55: 6.4
<2016-10-04 15:36:59,957> INFO/tool/getMovieType, Line:65: 奇幻/冒险
<2016-10-04 15:36:59,957> INFO/tool/getReleaseTime, Line:43: 2016-09-28
<2016-10-04 15:36:59,959> INFO/tool/getStarScore, Line:55: 5.5
<2016-10-04 15:36:59,960> INFO/tool/getMovieType, Line:65: 动作/喜剧/科幻
<2016-10-04 15:36:59,960> INFO/tool/getReleaseTime, Line:43: 2016-09-24
<2016-10-04 15:36:59,960> INFO/tool/getStarScore, Line:55: 5.5
<2016-10-04 15:36:59,961> INFO/tool/getMovieType, Line:65: 动作/喜剧/科幻
<2016-10-04 15:36:59,961> INFO/tool/getReleaseTime, Line:43: 2016-09-24
<2016-10-04 15:36:59,963> INFO/tool/getStarScore, Line:55: 7.1
<2016-10-04 15:36:59,963> INFO/tool/getMovieType, Line:65: 剧情/科幻/动画/奇幻/冒险
<2016-10-04 15:36:59,963> INFO/tool/getReleaseTime, Line:43: 2016-09-23
<2016-10-04 15:36:59,963> INFO/tool/getStarScore, Line:55: 7.8
<2016-10-04 15:36:59,963> INFO/tool/getMovieType, Line:65: 剧情/喜剧/冒险
<2016-10-04 15:36:59,964> INFO/tool/getReleaseTime, Line:43: 2016-09-23
<2016-10-04 15:36:59,966> INFO/tool/getStarScore, Line:55: 5.7
<2016-10-04 15:36:59,966> INFO/tool/getMovieType, Line:65: 喜剧/动作
<2016-10-04 15:36:59,967> INFO/tool/getReleaseTime, Line:43: 2016-09-22
<2016-10-04 15:36:59,967> INFO/tool/getStarScore, Line:55: 6.1
<2016-10-04 15:36:59,967> INFO/tool/getMovieType, Line:65: 动作/科幻/恐怖
<2016-10-04 15:36:59,967> INFO/tool/getReleaseTime, Line:43: 2016-09-20
<2016-10-04 15:36:59,969> INFO/tool/getMovieType, Line:65: 爱情
<2016-10-04 15:36:59,969> INFO/tool/getReleaseTime, Line:43: 2016-09-19
<2016-10-04 15:36:59,970> INFO/tool/getStarScore, Line:55: 6.4
<2016-10-04 15:36:59,970> INFO/tool/getMovieType, Line:65: 奇幻/冒险
<2016-10-04 15:36:59,970> INFO/movie_model_operation/set_array_movies_data, Line:65: prepare to write data to database
<2016-10-04 15:36:59,973> INFO/movie_model_operation/set_array_movies_data, Line:72: delete home data
<2016-10-04 15:37:00,155> INFO/movie_model_operation/set_array_movies_data, Line:80: before title 2016年犯罪剧情传记《潜伏者》BD中英双字幕
<2016-10-04 15:37:00,155> INFO/movie_model_operation/set_array_movies_data, Line:80: before title 2016年动作喜剧《赏金猎人》BD国粤双语中字
<2016-10-04 15:37:00,155> INFO/movie_model_operation/set_array_movies_data, Line:80: before title 2016年奇幻动画《大鱼海棠》HD国语中字
<2016-10-04 15:37:00,171> INFO/movie_model_operation/set_array_movies_data, Line:80: before title 2016年动作《使徒行者》HD国语中字
<2016-10-04 15:37:00,171> INFO/movie_model_operation/set_array_movies_data, Line:80: before title 2016年获奖剧情《喊・山/喊山》HD国语中字
<2016-10-04 15:37:00,171> INFO/movie_model_operation/set_array_movies_data, Line:80: before title 2016年奇幻《爱丽丝梦游仙境2：镜中奇遇记》国英双语BD中英双字幕
<2016-10-04 15:37:00,171> INFO/movie_model_operation/set_array_movies_data, Line:80: before title 2016年科幻喜剧《超能敢死队加长版》BD中英双字幕
<2016-10-04 15:37:00,171> INFO/movie_model_operation/set_array_movies_data, Line:80: before title 2016年科幻动作喜剧《超能敢死队》HD中英双字幕
<2016-10-04 15:37:00,171> INFO/movie_model_operation/set_array_movies_data, Line:80: before title 2016年科幻动画《最终幻想15：王者之剑》BD中英双字幕
<2016-10-04 15:37:00,171> INFO/movie_model_operation/set_array_movies_data, Line:80: before title 2016年冒险喜剧《瑞士军刀男》BD中英双字幕
<2016-10-04 15:37:00,171> INFO/movie_model_operation/set_array_movies_data, Line:80: before title 2016年成龙动作喜剧《绝地逃亡》HD国语中字
<2016-10-04 15:37:00,171> INFO/movie_model_operation/set_array_movies_data, Line:80: before title 2016年科幻动作《人类清除计划3》BD中英双字幕
<2016-10-04 15:37:00,171> INFO/movie_model_operation/set_array_movies_data, Line:80: before title 2016年井柏然杨颖《微微一笑很倾城》HD国语中字
<2016-10-04 15:37:00,171> INFO/movie_model_operation/set_array_movies_data, Line:80: before title 2016年奇幻《爱丽丝梦游仙境2：镜中奇遇记》HD中英双字幕
<2016-10-04 15:37:00,171> INFO/movie_model_operation/set_array_movies_data, Line:101: write data success
<2016-10-04 15:37:00,171> WARNING/__init__/get_prep_value, Line:1474: D:\Program Files (x86)\Python27\lib\site-packages\django-1.8.7-py2.7.egg\django\db\models\fields\__init__.py:1474: RuntimeWarning: DateTimeField MovieModel.release_time received a naive datetime (2016-10-03 00:00:00) while time zone support is active.
  RuntimeWarning)

<2016-10-04 15:37:00,230> WARNING/__init__/get_prep_value, Line:1474: D:\Program Files (x86)\Python27\lib\site-packages\django-1.8.7-py2.7.egg\django\db\models\fields\__init__.py:1474: RuntimeWarning: DateTimeField MovieModel.release_time received a naive datetime (2016-10-02 00:00:00) while time zone support is active.
  RuntimeWarning)

<2016-10-04 15:37:00,230> WARNING/__init__/get_prep_value, Line:1474: D:\Program Files (x86)\Python27\lib\site-packages\django-1.8.7-py2.7.egg\django\db\models\fields\__init__.py:1474: RuntimeWarning: DateTimeField MovieModel.release_time received a naive datetime (2016-09-29 00:00:00) while time zone support is active.
  RuntimeWarning)

<2016-10-04 15:37:00,232> WARNING/__init__/get_prep_value, Line:1474: D:\Program Files (x86)\Python27\lib\site-packages\django-1.8.7-py2.7.egg\django\db\models\fields\__init__.py:1474: RuntimeWarning: DateTimeField MovieModel.release_time received a naive datetime (2016-09-28 00:00:00) while time zone support is active.
  RuntimeWarning)

<2016-10-04 15:37:00,232> WARNING/__init__/get_prep_value, Line:1474: D:\Program Files (x86)\Python27\lib\site-packages\django-1.8.7-py2.7.egg\django\db\models\fields\__init__.py:1474: RuntimeWarning: DateTimeField MovieModel.release_time received a naive datetime (2016-09-24 00:00:00) while time zone support is active.
  RuntimeWarning)

<2016-10-04 15:37:00,233> WARNING/__init__/get_prep_value, Line:1474: D:\Program Files (x86)\Python27\lib\site-packages\django-1.8.7-py2.7.egg\django\db\models\fields\__init__.py:1474: RuntimeWarning: DateTimeField MovieModel.release_time received a naive datetime (2016-09-23 00:00:00) while time zone support is active.
  RuntimeWarning)

<2016-10-04 15:37:00,233> WARNING/__init__/get_prep_value, Line:1474: D:\Program Files (x86)\Python27\lib\site-packages\django-1.8.7-py2.7.egg\django\db\models\fields\__init__.py:1474: RuntimeWarning: DateTimeField MovieModel.release_time received a naive datetime (2016-09-22 00:00:00) while time zone support is active.
  RuntimeWarning)

<2016-10-04 15:37:00,233> WARNING/__init__/get_prep_value, Line:1474: D:\Program Files (x86)\Python27\lib\site-packages\django-1.8.7-py2.7.egg\django\db\models\fields\__init__.py:1474: RuntimeWarning: DateTimeField MovieModel.release_time received a naive datetime (2016-09-20 00:00:00) while time zone support is active.
  RuntimeWarning)

<2016-10-04 15:37:00,234> WARNING/__init__/get_prep_value, Line:1474: D:\Program Files (x86)\Python27\lib\site-packages\django-1.8.7-py2.7.egg\django\db\models\fields\__init__.py:1474: RuntimeWarning: DateTimeField MovieModel.release_time received a naive datetime (2016-09-19 00:00:00) while time zone support is active.
  RuntimeWarning)

<2016-10-04 15:37:00,344> WARNING/__init__/get_prep_value, Line:1474: D:\Program Files (x86)\Python27\lib\site-packages\django-1.8.7-py2.7.egg\django\db\models\fields\__init__.py:1474: RuntimeWarning: DateTimeField MovieDetailModel.release_time received a naive datetime (2016-10-03 00:00:00) while time zone support is active.
  RuntimeWarning)

<2016-10-04 15:37:00,345> WARNING/__init__/get_prep_value, Line:1474: D:\Program Files (x86)\Python27\lib\site-packages\django-1.8.7-py2.7.egg\django\db\models\fields\__init__.py:1474: RuntimeWarning: DateTimeField MovieDetailModel.release_time received a naive datetime (2016-10-02 00:00:00) while time zone support is active.
  RuntimeWarning)

<2016-10-04 15:37:00,345> WARNING/__init__/get_prep_value, Line:1474: D:\Program Files (x86)\Python27\lib\site-packages\django-1.8.7-py2.7.egg\django\db\models\fields\__init__.py:1474: RuntimeWarning: DateTimeField MovieDetailModel.release_time received a naive datetime (2016-09-29 00:00:00) while time zone support is active.
  RuntimeWarning)

<2016-10-04 15:37:00,346> WARNING/__init__/get_prep_value, Line:1474: D:\Program Files (x86)\Python27\lib\site-packages\django-1.8.7-py2.7.egg\django\db\models\fields\__init__.py:1474: RuntimeWarning: DateTimeField MovieDetailModel.release_time received a naive datetime (2016-09-28 00:00:00) while time zone support is active.
  RuntimeWarning)

<2016-10-04 15:37:00,348> WARNING/__init__/get_prep_value, Line:1474: D:\Program Files (x86)\Python27\lib\site-packages\django-1.8.7-py2.7.egg\django\db\models\fields\__init__.py:1474: RuntimeWarning: DateTimeField MovieDetailModel.release_time received a naive datetime (2016-09-24 00:00:00) while time zone support is active.
  RuntimeWarning)

<2016-10-04 15:37:00,348> WARNING/__init__/get_prep_value, Line:1474: D:\Program Files (x86)\Python27\lib\site-packages\django-1.8.7-py2.7.egg\django\db\models\fields\__init__.py:1474: RuntimeWarning: DateTimeField MovieDetailModel.release_time received a naive datetime (2016-09-23 00:00:00) while time zone support is active.
  RuntimeWarning)

<2016-10-04 15:37:00,348> WARNING/__init__/get_prep_value, Line:1474: D:\Program Files (x86)\Python27\lib\site-packages\django-1.8.7-py2.7.egg\django\db\models\fields\__init__.py:1474: RuntimeWarning: DateTimeField MovieDetailModel.release_time received a naive datetime (2016-09-22 00:00:00) while time zone support is active.
  RuntimeWarning)

<2016-10-04 15:37:00,351> WARNING/__init__/get_prep_value, Line:1474: D:\Program Files (x86)\Python27\lib\site-packages\django-1.8.7-py2.7.egg\django\db\models\fields\__init__.py:1474: RuntimeWarning: DateTimeField MovieDetailModel.release_time received a naive datetime (2016-09-20 00:00:00) while time zone support is active.
  RuntimeWarning)

<2016-10-04 15:37:00,351> WARNING/__init__/get_prep_value, Line:1474: D:\Program Files (x86)\Python27\lib\site-packages\django-1.8.7-py2.7.egg\django\db\models\fields\__init__.py:1474: RuntimeWarning: DateTimeField MovieDetailModel.release_time received a naive datetime (2016-09-19 00:00:00) while time zone support is active.
  RuntimeWarning)

<2016-10-04 15:37:01,674> ERROR/dytt_spider/getHomePageMovieDetail, Line:186: get url :http://www.ygdy8.net/html/gndy/dyzz/20160919/51993.html failed
<2016-10-04 15:37:01,677> INFO/tool/getReleaseTime, Line:43: 2016-10-03
<2016-10-04 15:37:01,678> INFO/tool/getStarScore, Line:55: 7.2
<2016-10-04 15:37:01,678> INFO/tool/getMovieType, Line:65: 剧情/传记/犯罪
<2016-10-04 15:37:01,678> INFO/tool/getReleaseTime, Line:43: 2016-10-03
<2016-10-04 15:37:01,678> INFO/tool/getStarScore, Line:55: 7.2
<2016-10-04 15:37:01,678> INFO/tool/getMovieType, Line:65: 剧情/喜剧/动作
<2016-10-04 15:37:01,678> INFO/tool/getReleaseTime, Line:43: 2016-10-02
<2016-10-04 15:37:01,678> INFO/tool/getStarScore, Line:55: 8.0
<2016-10-04 15:37:01,678> INFO/tool/getMovieType, Line:65: 剧情/动画/奇幻
<2016-10-04 15:37:01,678> INFO/tool/getReleaseTime, Line:43: 2016-10-02
<2016-10-04 15:37:01,678> INFO/tool/getStarScore, Line:55: 6.4
<2016-10-04 15:37:01,678> INFO/tool/getMovieType, Line:65: 剧情/动作/犯罪
<2016-10-04 15:37:01,678> INFO/tool/getReleaseTime, Line:43: 2016-10-02
<2016-10-04 15:37:01,678> INFO/tool/getStarScore, Line:55: 7.7
<2016-10-04 15:37:01,678> INFO/tool/getMovieType, Line:65: 剧情/爱情/犯罪
<2016-10-04 15:37:01,678> INFO/tool/getReleaseTime, Line:43: 2016-09-29
<2016-10-04 15:37:01,678> INFO/tool/getStarScore, Line:55: 6.4
<2016-10-04 15:37:01,678> INFO/tool/getMovieType, Line:65: 奇幻/冒险
<2016-10-04 15:37:01,678> INFO/tool/getReleaseTime, Line:43: 2016-09-28
<2016-10-04 15:37:01,678> INFO/tool/getStarScore, Line:55: 5.5
<2016-10-04 15:37:01,678> INFO/tool/getMovieType, Line:65: 动作/喜剧/科幻
<2016-10-04 15:37:01,678> INFO/tool/getReleaseTime, Line:43: 2016-09-24
<2016-10-04 15:37:01,678> INFO/tool/getStarScore, Line:55: 5.5
<2016-10-04 15:37:01,678> INFO/tool/getMovieType, Line:65: 动作/喜剧/科幻
<2016-10-04 15:37:01,678> INFO/tool/getReleaseTime, Line:43: 2016-09-24
<2016-10-04 15:37:01,678> INFO/tool/getStarScore, Line:55: 7.1
<2016-10-04 15:37:01,678> INFO/tool/getMovieType, Line:65: 剧情/科幻/动画/奇幻/冒险
<2016-10-04 15:37:01,694> INFO/tool/getReleaseTime, Line:43: 2016-09-23
<2016-10-04 15:37:01,694> INFO/tool/getStarScore, Line:55: 7.8
<2016-10-04 15:37:01,696> INFO/tool/getMovieType, Line:65: 剧情/喜剧/冒险
<2016-10-04 15:37:01,697> INFO/tool/getReleaseTime, Line:43: 2016-09-23
<2016-10-04 15:37:01,697> INFO/tool/getStarScore, Line:55: 5.7
<2016-10-04 15:37:01,697> INFO/tool/getMovieType, Line:65: 喜剧/动作
<2016-10-04 15:37:01,698> INFO/tool/getReleaseTime, Line:43: 2016-09-22
<2016-10-04 15:37:01,698> INFO/tool/getStarScore, Line:55: 6.1
<2016-10-04 15:37:01,700> INFO/tool/getMovieType, Line:65: 动作/科幻/恐怖
<2016-10-04 15:37:01,700> INFO/tool/getReleaseTime, Line:43: 2016-09-20
<2016-10-04 15:37:01,700> INFO/tool/getMovieType, Line:65: 爱情
<2016-10-04 15:37:01,701> INFO/tool/getReleaseTime, Line:43: 2016-09-19
<2016-10-04 15:37:01,703> INFO/tool/getStarScore, Line:55: 6.4
<2016-10-04 15:37:01,703> INFO/tool/getMovieType, Line:65: 奇幻/冒险
<2016-10-04 15:37:01,703> INFO/movie_model_operation/set_array_movies_data, Line:65: prepare to write data to database
<2016-10-04 15:37:01,703> INFO/movie_model_operation/set_array_movies_data, Line:72: delete home data
<2016-10-04 15:37:01,842> INFO/movie_model_operation/set_array_movies_data, Line:80: before title 2016年犯罪剧情传记《潜伏者》BD中英双字幕
<2016-10-04 15:37:01,842> INFO/movie_model_operation/set_array_movies_data, Line:80: before title 2016年动作喜剧《赏金猎人》BD国粤双语中字
<2016-10-04 15:37:01,844> INFO/movie_model_operation/set_array_movies_data, Line:80: before title 2016年奇幻动画《大鱼海棠》HD国语中字
<2016-10-04 15:37:01,844> INFO/movie_model_operation/set_array_movies_data, Line:80: before title 2016年动作《使徒行者》HD国语中字
<2016-10-04 15:37:01,845> INFO/movie_model_operation/set_array_movies_data, Line:80: before title 2016年获奖剧情《喊・山/喊山》HD国语中字
<2016-10-04 15:37:01,845> INFO/movie_model_operation/set_array_movies_data, Line:80: before title 2016年奇幻《爱丽丝梦游仙境2：镜中奇遇记》国英双语BD中英双字幕
<2016-10-04 15:37:01,846> INFO/movie_model_operation/set_array_movies_data, Line:80: before title 2016年科幻喜剧《超能敢死队加长版》BD中英双字幕
<2016-10-04 15:37:01,846> INFO/movie_model_operation/set_array_movies_data, Line:80: before title 2016年科幻动作喜剧《超能敢死队》HD中英双字幕
<2016-10-04 15:37:01,848> INFO/movie_model_operation/set_array_movies_data, Line:80: before title 2016年科幻动画《最终幻想15：王者之剑》BD中英双字幕
<2016-10-04 15:37:01,851> INFO/movie_model_operation/set_array_movies_data, Line:80: before title 2016年冒险喜剧《瑞士军刀男》BD中英双字幕
<2016-10-04 15:37:01,851> INFO/movie_model_operation/set_array_movies_data, Line:80: before title 2016年成龙动作喜剧《绝地逃亡》HD国语中字
<2016-10-04 15:37:01,851> INFO/movie_model_operation/set_array_movies_data, Line:80: before title 2016年科幻动作《人类清除计划3》BD中英双字幕
<2016-10-04 15:37:01,851> INFO/movie_model_operation/set_array_movies_data, Line:80: before title 2016年井柏然杨颖《微微一笑很倾城》HD国语中字
<2016-10-04 15:37:01,851> INFO/movie_model_operation/set_array_movies_data, Line:80: before title 2016年奇幻《爱丽丝梦游仙境2：镜中奇遇记》HD中英双字幕
<2016-10-04 15:37:01,851> INFO/movie_model_operation/set_array_movies_data, Line:101: write data success
<2016-10-04 15:37:01,851> WARNING/__init__/get_prep_value, Line:1474: D:\Program Files (x86)\Python27\lib\site-packages\django-1.8.7-py2.7.egg\django\db\models\fields\__init__.py:1474: RuntimeWarning: DateTimeField MovieModel.release_time received a naive datetime (2016-10-03 00:00:00) while time zone support is active.
  RuntimeWarning)

<2016-10-04 15:37:01,915> WARNING/__init__/get_prep_value, Line:1474: D:\Program Files (x86)\Python27\lib\site-packages\django-1.8.7-py2.7.egg\django\db\models\fields\__init__.py:1474: RuntimeWarning: DateTimeField MovieModel.release_time received a naive datetime (2016-10-02 00:00:00) while time zone support is active.
  RuntimeWarning)

<2016-10-04 15:37:01,915> WARNING/__init__/get_prep_value, Line:1474: D:\Program Files (x86)\Python27\lib\site-packages\django-1.8.7-py2.7.egg\django\db\models\fields\__init__.py:1474: RuntimeWarning: DateTimeField MovieModel.release_time received a naive datetime (2016-09-29 00:00:00) while time zone support is active.
  RuntimeWarning)

<2016-10-04 15:37:01,915> WARNING/__init__/get_prep_value, Line:1474: D:\Program Files (x86)\Python27\lib\site-packages\django-1.8.7-py2.7.egg\django\db\models\fields\__init__.py:1474: RuntimeWarning: DateTimeField MovieModel.release_time received a naive datetime (2016-09-28 00:00:00) while time zone support is active.
  RuntimeWarning)

<2016-10-04 15:37:01,915> WARNING/__init__/get_prep_value, Line:1474: D:\Program Files (x86)\Python27\lib\site-packages\django-1.8.7-py2.7.egg\django\db\models\fields\__init__.py:1474: RuntimeWarning: DateTimeField MovieModel.release_time received a naive datetime (2016-09-24 00:00:00) while time zone support is active.
  RuntimeWarning)

<2016-10-04 15:37:01,915> WARNING/__init__/get_prep_value, Line:1474: D:\Program Files (x86)\Python27\lib\site-packages\django-1.8.7-py2.7.egg\django\db\models\fields\__init__.py:1474: RuntimeWarning: DateTimeField MovieModel.release_time received a naive datetime (2016-09-23 00:00:00) while time zone support is active.
  RuntimeWarning)

<2016-10-04 15:37:01,915> WARNING/__init__/get_prep_value, Line:1474: D:\Program Files (x86)\Python27\lib\site-packages\django-1.8.7-py2.7.egg\django\db\models\fields\__init__.py:1474: RuntimeWarning: DateTimeField MovieModel.release_time received a naive datetime (2016-09-22 00:00:00) while time zone support is active.
  RuntimeWarning)

<2016-10-04 15:37:01,915> WARNING/__init__/get_prep_value, Line:1474: D:\Program Files (x86)\Python27\lib\site-packages\django-1.8.7-py2.7.egg\django\db\models\fields\__init__.py:1474: RuntimeWarning: DateTimeField MovieModel.release_time received a naive datetime (2016-09-20 00:00:00) while time zone support is active.
  RuntimeWarning)

<2016-10-04 15:37:01,931> WARNING/__init__/get_prep_value, Line:1474: D:\Program Files (x86)\Python27\lib\site-packages\django-1.8.7-py2.7.egg\django\db\models\fields\__init__.py:1474: RuntimeWarning: DateTimeField MovieModel.release_time received a naive datetime (2016-09-19 00:00:00) while time zone support is active.
  RuntimeWarning)

<2016-10-04 15:37:02,026> WARNING/__init__/get_prep_value, Line:1474: D:\Program Files (x86)\Python27\lib\site-packages\django-1.8.7-py2.7.egg\django\db\models\fields\__init__.py:1474: RuntimeWarning: DateTimeField MovieDetailModel.release_time received a naive datetime (2016-10-03 00:00:00) while time zone support is active.
  RuntimeWarning)

<2016-10-04 15:37:02,026> WARNING/__init__/get_prep_value, Line:1474: D:\Program Files (x86)\Python27\lib\site-packages\django-1.8.7-py2.7.egg\django\db\models\fields\__init__.py:1474: RuntimeWarning: DateTimeField MovieDetailModel.release_time received a naive datetime (2016-10-02 00:00:00) while time zone support is active.
  RuntimeWarning)

<2016-10-04 15:37:02,028> WARNING/__init__/get_prep_value, Line:1474: D:\Program Files (x86)\Python27\lib\site-packages\django-1.8.7-py2.7.egg\django\db\models\fields\__init__.py:1474: RuntimeWarning: DateTimeField MovieDetailModel.release_time received a naive datetime (2016-09-29 00:00:00) while time zone support is active.
  RuntimeWarning)

<2016-10-04 15:37:02,029> WARNING/__init__/get_prep_value, Line:1474: D:\Program Files (x86)\Python27\lib\site-packages\django-1.8.7-py2.7.egg\django\db\models\fields\__init__.py:1474: RuntimeWarning: DateTimeField MovieDetailModel.release_time received a naive datetime (2016-09-28 00:00:00) while time zone support is active.
  RuntimeWarning)

<2016-10-04 15:37:02,029> WARNING/__init__/get_prep_value, Line:1474: D:\Program Files (x86)\Python27\lib\site-packages\django-1.8.7-py2.7.egg\django\db\models\fields\__init__.py:1474: RuntimeWarning: DateTimeField MovieDetailModel.release_time received a naive datetime (2016-09-24 00:00:00) while time zone support is active.
  RuntimeWarning)

<2016-10-04 15:37:02,029> WARNING/__init__/get_prep_value, Line:1474: D:\Program Files (x86)\Python27\lib\site-packages\django-1.8.7-py2.7.egg\django\db\models\fields\__init__.py:1474: RuntimeWarning: DateTimeField MovieDetailModel.release_time received a naive datetime (2016-09-23 00:00:00) while time zone support is active.
  RuntimeWarning)

<2016-10-04 15:37:02,029> WARNING/__init__/get_prep_value, Line:1474: D:\Program Files (x86)\Python27\lib\site-packages\django-1.8.7-py2.7.egg\django\db\models\fields\__init__.py:1474: RuntimeWarning: DateTimeField MovieDetailModel.release_time received a naive datetime (2016-09-22 00:00:00) while time zone support is active.
  RuntimeWarning)

<2016-10-04 15:37:02,030> WARNING/__init__/get_prep_value, Line:1474: D:\Program Files (x86)\Python27\lib\site-packages\django-1.8.7-py2.7.egg\django\db\models\fields\__init__.py:1474: RuntimeWarning: DateTimeField MovieDetailModel.release_time received a naive datetime (2016-09-20 00:00:00) while time zone support is active.
  RuntimeWarning)

<2016-10-04 15:37:02,030> WARNING/__init__/get_prep_value, Line:1474: D:\Program Files (x86)\Python27\lib\site-packages\django-1.8.7-py2.7.egg\django\db\models\fields\__init__.py:1474: RuntimeWarning: DateTimeField MovieDetailModel.release_time received a naive datetime (2016-09-19 00:00:00) while time zone support is active.
  RuntimeWarning)

<2016-10-04 15:39:30,404> ERROR/dytt_spider/get_movie_detail_res, Line:102: load page failed....
<2016-10-04 15:39:30,404> ERROR/dytt_spider/getHomePageMovieDetail, Line:185: get url :http://www.ygdy8.net/html/gndy/dyzz/20160924/52030.html failed
<2016-10-04 15:39:30,407> ERROR/dytt_spider/get_movie_detail_res, Line:102: load page failed....
<2016-10-04 15:39:30,410> ERROR/dytt_spider/getHomePageMovieDetail, Line:185: get url :http://www.ygdy8.net/html/gndy/dyzz/20160924/52032.html failed
<2016-10-04 15:39:36,915> ERROR/dytt_spider/getHomePageMovieDetail, Line:185: get url :http://www.ygdy8.net/html/gndy/dyzz/20160919/51993.html failed
<2016-10-04 15:39:48,144> ERROR/dytt_spider/getHomePageMovieDetail, Line:185: get url :http://www.ygdy8.net/html/gndy/jddy/20160927/52059.html failed
<2016-10-04 15:44:50,789> ERROR/dytt_spider/getHomePageMovieDetail, Line:185: get url :http://www.ygdy8.net/html/gndy/dyzz/20160919/51993.html failed
<2016-10-04 15:44:58,253> ERROR/dytt_spider/getHomePageMovieDetail, Line:185: get url :http://www.ygdy8.net/html/gndy/jddy/20160927/52059.html failed
<2016-10-04 15:45:06,392> ERROR/dytt_spider/getHomePageMovieDetail, Line:185: get url :http://www.ygdy8.net/html/gndy/jddy/20160921/52009.html failed
<2016-10-04 15:45:06,395> INFO/tool/getReleaseTime, Line:43: 2016-10-03
<2016-10-04 15:45:06,401> INFO/tool/getStarScore, Line:55: 7.2
<2016-10-04 15:45:06,404> INFO/tool/getMovieType, Line:65: 剧情/传记/犯罪
<2016-10-04 15:45:06,404> INFO/tool/getReleaseTime, Line:43: 2016-10-03
<2016-10-04 15:45:06,404> INFO/tool/getStarScore, Line:55: 7.2
<2016-10-04 15:45:06,405> INFO/tool/getMovieType, Line:65: 剧情/喜剧/动作
<2016-10-04 15:45:06,407> INFO/tool/getReleaseTime, Line:43: 2016-10-02
<2016-10-04 15:45:06,407> INFO/tool/getStarScore, Line:55: 8.0
<2016-10-04 15:45:06,407> INFO/tool/getMovieType, Line:65: 剧情/动画/奇幻
<2016-10-04 15:45:06,407> INFO/tool/getReleaseTime, Line:43: 2016-10-02
<2016-10-04 15:45:06,408> INFO/tool/getStarScore, Line:55: 6.4
<2016-10-04 15:45:06,408> INFO/tool/getMovieType, Line:65: 剧情/动作/犯罪
<2016-10-04 15:45:06,410> INFO/tool/getReleaseTime, Line:43: 2016-10-02
<2016-10-04 15:45:06,410> INFO/tool/getStarScore, Line:55: 7.7
<2016-10-04 15:45:06,410> INFO/tool/getMovieType, Line:65: 剧情/爱情/犯罪
<2016-10-04 15:45:06,411> INFO/tool/getReleaseTime, Line:43: 2016-09-29
<2016-10-04 15:45:06,411> INFO/tool/getStarScore, Line:55: 6.4
<2016-10-04 15:45:06,411> INFO/tool/getMovieType, Line:65: 奇幻/冒险
<2016-10-04 15:45:06,413> INFO/tool/getReleaseTime, Line:43: 2016-09-28
<2016-10-04 15:45:06,414> INFO/tool/getStarScore, Line:55: 5.5
<2016-10-04 15:45:06,414> INFO/tool/getMovieType, Line:65: 动作/喜剧/科幻
<2016-10-04 15:45:06,414> INFO/tool/getReleaseTime, Line:43: 2016-09-24
<2016-10-04 15:45:06,414> INFO/tool/getStarScore, Line:55: 5.5
<2016-10-04 15:45:06,415> INFO/tool/getMovieType, Line:65: 动作/喜剧/科幻
<2016-10-04 15:45:06,415> INFO/tool/getReleaseTime, Line:43: 2016-09-24
<2016-10-04 15:45:06,417> INFO/tool/getStarScore, Line:55: 7.1
<2016-10-04 15:45:06,417> INFO/tool/getMovieType, Line:65: 剧情/科幻/动画/奇幻/冒险
<2016-10-04 15:45:06,417> INFO/tool/getReleaseTime, Line:43: 2016-09-23
<2016-10-04 15:45:06,417> INFO/tool/getStarScore, Line:55: 7.8
<2016-10-04 15:45:06,417> INFO/tool/getMovieType, Line:65: 剧情/喜剧/冒险
<2016-10-04 15:45:06,418> INFO/tool/getReleaseTime, Line:43: 2016-09-23
<2016-10-04 15:45:06,420> INFO/tool/getStarScore, Line:55: 5.7
<2016-10-04 15:45:06,420> INFO/tool/getMovieType, Line:65: 喜剧/动作
<2016-10-04 15:45:06,420> INFO/tool/getReleaseTime, Line:43: 2016-09-22
<2016-10-04 15:45:06,421> INFO/tool/getStarScore, Line:55: 6.1
<2016-10-04 15:45:06,421> INFO/tool/getMovieType, Line:65: 动作/科幻/恐怖
<2016-10-04 15:45:06,421> INFO/tool/getReleaseTime, Line:43: 2016-09-20
<2016-10-04 15:45:06,421> INFO/tool/getMovieType, Line:65: 爱情
<2016-10-04 15:45:06,423> INFO/tool/getReleaseTime, Line:43: 2016-09-19
<2016-10-04 15:45:06,424> INFO/tool/getStarScore, Line:55: 6.4
<2016-10-04 15:45:06,424> INFO/tool/getMovieType, Line:65: 奇幻/冒险
<2016-10-04 15:45:06,424> INFO/tool/getReleaseTime, Line:43: 2016-09-30
<2016-10-04 15:45:06,424> INFO/tool/getStarScore, Line:55: 5.4
<2016-10-04 15:45:06,426> INFO/tool/getMovieType, Line:65: 动作
<2016-10-04 15:45:06,427> INFO/tool/getReleaseTime, Line:43: 2016-09-30
<2016-10-04 15:45:06,427> INFO/tool/getMovieType, Line:65: 悬疑/恐怖
<2016-10-04 15:45:06,427> INFO/tool/getReleaseTime, Line:43: 2016-09-29
<2016-10-04 15:45:06,427> INFO/tool/getStarScore, Line:55: 5.9
<2016-10-04 15:45:06,427> INFO/tool/getMovieType, Line:65: 喜剧/爱情
<2016-10-04 15:45:06,428> INFO/tool/getReleaseTime, Line:43: 2016-09-29
<2016-10-04 15:45:06,428> INFO/tool/getStarScore, Line:55: 6.0
<2016-10-04 15:45:06,430> INFO/tool/getMovieType, Line:65: 剧情/科幻
<2016-10-04 15:45:06,430> INFO/tool/getReleaseTime, Line:43: 2016-09-28
<2016-10-04 15:45:06,430> INFO/tool/getStarScore, Line:55: 4.0
<2016-10-04 15:45:06,430> INFO/tool/getMovieType, Line:65: 剧情/悬疑/恐怖
<2016-10-04 15:45:06,431> INFO/tool/getReleaseTime, Line:43: 2016-09-27
<2016-10-04 15:45:06,433> INFO/tool/getMovieType, Line:65: 爱情/悬疑/惊悚
<2016-10-04 15:45:06,433> INFO/tool/getReleaseTime, Line:43: 2016-09-26
<2016-10-04 15:45:06,434> INFO/tool/getStarScore, Line:55: 7.0
<2016-10-04 15:45:06,434> INFO/tool/getMovieType, Line:65: 剧情/喜剧/爱情
<2016-10-04 15:45:06,434> INFO/tool/getReleaseTime, Line:43: 2016-09-26
<2016-10-04 15:45:06,436> INFO/tool/getStarScore, Line:55: 4.2
<2016-10-04 15:45:06,436> INFO/tool/getMovieType, Line:65: 惊悚/恐怖
<2016-10-04 15:45:06,437> INFO/tool/getReleaseTime, Line:43: 2016-09-26
<2016-10-04 15:45:06,437> INFO/tool/getStarScore, Line:55: 7.0
<2016-10-04 15:45:06,437> INFO/tool/getMovieType, Line:65: 剧情/爱情
<2016-10-04 15:45:06,437> INFO/tool/getReleaseTime, Line:43: 2016-09-25
<2016-10-04 15:45:06,437> INFO/tool/getStarScore, Line:55: 5.6
<2016-10-04 15:45:06,438> INFO/tool/getMovieType, Line:65: 动作/科幻/冒险/灾难 
<2016-10-04 15:45:06,440> INFO/tool/getReleaseTime, Line:43: 2016-09-23
<2016-10-04 15:45:06,440> INFO/tool/getMovieType, Line:65: 动作/犯罪/冒险
<2016-10-04 15:45:06,440> INFO/tool/getReleaseTime, Line:43: 2016-09-22
<2016-10-04 15:45:06,441> INFO/tool/getStarScore, Line:55: 6.6
<2016-10-04 15:45:06,441> INFO/tool/getMovieType, Line:65: 剧情/家庭
<2016-10-04 15:45:06,443> INFO/tool/getReleaseTime, Line:43: 2016-09-21
<2016-10-04 15:45:06,443> INFO/tool/getStarScore, Line:55: 6.5
<2016-10-04 15:45:06,443> INFO/tool/getMovieType, Line:65: 动作/冒险
<2016-10-04 15:45:06,444> INFO/movie_model_operation/set_array_movies_data, Line:65: prepare to write data to database
<2016-10-04 15:45:06,444> INFO/spider_entrance/run, Line:36: write data to datebase error :Cannot resolve keyword 'movie_classify' into field. Choices are: content, ftp_url, id, major_img_url, moive_detail, moive_detail_id, moive_star_score, release_time, summary_img_url, title 
<2016-10-04 15:52:49,045> WARNING/syncdb/handle, Line:24: D:\Program Files (x86)\Python27\lib\site-packages\django-1.8.7-py2.7.egg\django\core\management\commands\syncdb.py:24: RemovedInDjango19Warning: The syncdb command will be removed in Django 1.9
  warnings.warn("The syncdb command will be removed in Django 1.9", RemovedInDjango19Warning)

<2016-10-04 15:55:40,325> ERROR/dytt_spider/getHomePageMovieDetail, Line:185: get url :http://www.ygdy8.net/html/gndy/dyzz/20160919/51993.html failed
<2016-10-04 15:55:40,375> ERROR/dytt_spider/getHomePageMovieDetail, Line:185: get url :http://www.ygdy8.net/html/gndy/dyzz/20160919/51993.html failed
<2016-10-04 15:55:49,700> ERROR/dytt_spider/getHomePageMovieDetail, Line:185: get url :http://www.ygdy8.net/html/gndy/jddy/20160927/52059.html failed
