<2016-10-04 16:03:21,677> INFO/dytt_spider/get_movie_detail_res, Line:100: URL:http://www.ygdy8.net/html/gndy/dyzz/20161002/52101.html
<2016-10-04 16:03:22,638> INFO/dytt_spider/get_movie_detail_res, Line:100: URL:http://www.ygdy8.net/html/gndy/dyzz/20161002/52100.html
<2016-10-04 16:03:23,509> INFO/dytt_spider/get_movie_detail_res, Line:100: URL:http://www.ygdy8.net/html/gndy/dyzz/20161002/52087.html
<2016-10-04 16:03:24,388> INFO/dytt_spider/get_movie_detail_res, Line:100: URL:http://www.ygdy8.net/html/gndy/dyzz/20161002/52086.html
<2016-10-04 16:03:25,257> INFO/dytt_spider/get_movie_detail_res, Line:100: URL:http://www.ygdy8.net/html/gndy/dyzz/20161002/52085.html
<2016-10-04 16:03:26,063> INFO/dytt_spider/get_movie_detail_res, Line:100: URL:http://www.ygdy8.net/html/gndy/dyzz/20160929/52073.html
<2016-10-04 16:03:26,927> INFO/dytt_spider/get_movie_detail_res, Line:100: URL:http://www.ygdy8.net/html/gndy/dyzz/20160928/52066.html
<2016-10-04 16:03:27,831> INFO/dytt_spider/get_movie_detail_res, Line:100: URL:http://www.ygdy8.net/html/gndy/dyzz/20160924/52032.html
<2016-10-04 16:03:28,711> INFO/dytt_spider/get_movie_detail_res, Line:100: URL:http://www.ygdy8.net/html/gndy/dyzz/20160924/52030.html
<2016-10-04 16:03:29,573> INFO/dytt_spider/get_movie_detail_res, Line:100: URL:http://www.ygdy8.net/html/gndy/dyzz/20160923/52025.html
<2016-10-04 16:03:30,450> INFO/dytt_spider/get_movie_detail_res, Line:100: URL:http://www.ygdy8.net/html/gndy/dyzz/20160923/52024.html
<2016-10-04 16:03:31,311> INFO/dytt_spider/get_movie_detail_res, Line:100: URL:http://www.ygdy8.net/html/gndy/dyzz/20160922/52018.html
<2016-10-04 16:03:32,207> INFO/dytt_spider/get_movie_detail_res, Line:100: URL:http://www.ygdy8.net/html/gndy/dyzz/20160920/52002.html
<2016-10-04 16:04:56,453> INFO/dytt_spider/get_movie_detail_res, Line:100: URL:http://www.ygdy8.net/html/gndy/dyzz/20161002/52101.html
<2016-10-04 16:04:57,085> INFO/dytt_spider/get_movie_detail_res, Line:100: URL:http://www.ygdy8.net/html/gndy/dyzz/20161002/52100.html
<2016-10-04 16:04:57,733> INFO/dytt_spider/get_movie_detail_res, Line:100: URL:http://www.ygdy8.net/html/gndy/dyzz/20161002/52087.html
<2016-10-04 16:04:58,351> INFO/dytt_spider/get_movie_detail_res, Line:100: URL:http://www.ygdy8.net/html/gndy/dyzz/20161002/52086.html
<2016-10-04 16:04:59,019> INFO/dytt_spider/get_movie_detail_res, Line:100: URL:http://www.ygdy8.net/html/gndy/dyzz/20161002/52085.html
<2016-10-04 16:04:59,608> INFO/dytt_spider/get_movie_detail_res, Line:100: URL:http://www.ygdy8.net/html/gndy/dyzz/20160929/52073.html
<2016-10-04 16:05:00,233> INFO/dytt_spider/get_movie_detail_res, Line:100: URL:http://www.ygdy8.net/html/gndy/dyzz/20160928/52066.html
<2016-10-04 16:05:08,167> INFO/dytt_spider/get_movie_detail_res, Line:100: URL:http://www.ygdy8.net/html/gndy/dyzz/20161002/52101.html
<2016-10-04 16:05:08,691> INFO/dytt_spider/get_movie_detail_res, Line:100: URL:http://www.ygdy8.net/html/gndy/dyzz/20161002/52101.html
<2016-10-04 16:05:09,542> INFO/dytt_spider/get_movie_detail_res, Line:100: URL:http://www.ygdy8.net/html/gndy/dyzz/20161002/52100.html
<2016-10-04 16:05:10,404> INFO/dytt_spider/get_movie_detail_res, Line:100: URL:http://www.ygdy8.net/html/gndy/dyzz/20161002/52087.html
<2016-10-04 16:05:11,184> INFO/dytt_spider/get_movie_detail_res, Line:100: URL:http://www.ygdy8.net/html/gndy/dyzz/20161002/52086.html
<2016-10-04 16:05:11,792> INFO/dytt_spider/get_movie_detail_res, Line:100: URL:http://www.ygdy8.net/html/gndy/dyzz/20161002/52085.html
<2016-10-04 16:05:12,414> INFO/dytt_spider/get_movie_detail_res, Line:100: URL:http://www.ygdy8.net/html/gndy/dyzz/20160929/52073.html
<2016-10-04 16:05:13,040> INFO/dytt_spider/get_movie_detail_res, Line:100: URL:http://www.ygdy8.net/html/gndy/dyzz/20160928/52066.html
<2016-10-04 16:05:13,700> INFO/dytt_spider/get_movie_detail_res, Line:100: URL:http://www.ygdy8.net/html/gndy/dyzz/20160924/52032.html
<2016-10-04 16:05:14,362> INFO/dytt_spider/get_movie_detail_res, Line:100: URL:http://www.ygdy8.net/html/gndy/dyzz/20160924/52030.html
<2016-10-04 16:05:15,266> INFO/dytt_spider/get_movie_detail_res, Line:100: URL:http://www.ygdy8.net/html/gndy/dyzz/20160923/52025.html
<2016-10-04 16:05:16,154> INFO/dytt_spider/get_movie_detail_res, Line:100: URL:http://www.ygdy8.net/html/gndy/dyzz/20160923/52024.html
<2016-10-04 16:05:17,000> INFO/dytt_spider/get_movie_detail_res, Line:100: URL:http://www.ygdy8.net/html/gndy/dyzz/20160922/52018.html
<2016-10-04 16:05:17,878> INFO/dytt_spider/get_movie_detail_res, Line:100: URL:http://www.ygdy8.net/html/gndy/dyzz/20160920/52002.html
<2016-10-04 16:05:18,767> INFO/dytt_spider/get_movie_detail_res, Line:100: URL:http://www.ygdy8.net/html/gndy/dyzz/20160919/51994.html
<2016-10-04 16:05:19,641> INFO/dytt_spider/get_movie_detail_res, Line:100: URL:http://www.ygdy8.net/html/gndy/dyzz/20160919/51993.html
<2016-10-04 16:05:20,589> ERROR/dytt_spider/getHomePageMovieDetail, Line:187: get url :http://www.ygdy8.net/html/gndy/dyzz/20160919/51993.html failed
<2016-10-04 16:06:18,477> INFO/dytt_spider/get_movie_detail_res, Line:100: URL:http://www.ygdy8.net/html/gndy/dyzz/20161002/52101.html
<2016-10-04 16:06:19,641> INFO/dytt_spider/get_movie_detail_res, Line:100: URL:http://www.ygdy8.net/html/gndy/dyzz/20161002/52100.html
<2016-10-04 16:06:20,296> INFO/dytt_spider/get_movie_detail_res, Line:100: URL:http://www.ygdy8.net/html/gndy/dyzz/20161002/52087.html
<2016-10-04 16:06:20,990> INFO/dytt_spider/get_movie_detail_res, Line:100: URL:http://www.ygdy8.net/html/gndy/dyzz/20161002/52086.html
<2016-10-04 16:06:21,638> INFO/dytt_spider/get_movie_detail_res, Line:100: URL:http://www.ygdy8.net/html/gndy/dyzz/20161002/52085.html
<2016-10-04 16:06:22,296> INFO/dytt_spider/get_movie_detail_res, Line:100: URL:http://www.ygdy8.net/html/gndy/dyzz/20160929/52073.html
<2016-10-04 16:06:22,924> INFO/dytt_spider/get_movie_detail_res, Line:100: URL:http://www.ygdy8.net/html/gndy/dyzz/20160928/52066.html
<2016-10-04 16:06:23,572> INFO/dytt_spider/get_movie_detail_res, Line:100: URL:http://www.ygdy8.net/html/gndy/dyzz/20160924/52032.html
<2016-10-04 16:06:24,243> INFO/dytt_spider/get_movie_detail_res, Line:100: URL:http://www.ygdy8.net/html/gndy/dyzz/20160924/52030.html
<2016-10-04 16:06:24,884> INFO/dytt_spider/get_movie_detail_res, Line:100: URL:http://www.ygdy8.net/html/gndy/dyzz/20160923/52025.html
<2016-10-04 16:06:25,526> INFO/dytt_spider/get_movie_detail_res, Line:100: URL:http://www.ygdy8.net/html/gndy/dyzz/20160923/52024.html
<2016-10-04 16:06:26,176> INFO/dytt_spider/get_movie_detail_res, Line:100: URL:http://www.ygdy8.net/html/gndy/dyzz/20160922/52018.html
<2016-10-04 16:06:26,806> INFO/dytt_spider/get_movie_detail_res, Line:100: URL:http://www.ygdy8.net/html/gndy/dyzz/20160920/52002.html
<2016-10-04 16:06:27,494> INFO/dytt_spider/get_movie_detail_res, Line:100: URL:http://www.ygdy8.net/html/gndy/dyzz/20160919/51994.html
<2016-10-04 16:06:28,447> INFO/dytt_spider/get_movie_detail_res, Line:100: URL:http://www.ygdy8.net/html/gndy/dyzz/20160919/51993.html
<2016-10-04 16:06:31,213> ERROR/dytt_spider/getHomePageMovieDetail, Line:187: get url :http://www.ygdy8.net/html/gndy/dyzz/20160919/51993.html failed
<2016-10-04 16:06:33,486> INFO/dytt_spider/get_movie_detail_res, Line:100: URL:http://www.ygdy8.net/html/gndy/jddy/20160930/52080.html
<2016-10-04 16:06:34,334> INFO/dytt_spider/get_movie_detail_res, Line:100: URL:http://www.ygdy8.net/html/gndy/jddy/20160930/52079.html
<2016-10-04 16:06:35,184> INFO/dytt_spider/get_movie_detail_res, Line:100: URL:http://www.ygdy8.net/html/gndy/jddy/20160929/52072.html
<2016-10-04 16:06:36,045> INFO/dytt_spider/get_movie_detail_res, Line:100: URL:http://www.ygdy8.net/html/gndy/jddy/20160929/52071.html
<2016-10-04 16:06:36,869> INFO/dytt_spider/get_movie_detail_res, Line:100: URL:http://www.ygdy8.net/html/gndy/jddy/20160928/52065.html
<2016-10-04 16:19:50,714> INFO/dytt_spider/get_movie_detail_res, Line:107: URL:http://www.ygdy8.net/html/gndy/dyzz/20161002/52101.html
<2016-10-04 16:19:51,207> INFO/dytt_spider/get_movie_detail_res, Line:107: URL:http://www.ygdy8.net/html/gndy/dyzz/20161002/52101.html
<2016-10-04 16:19:51,382> INFO/dytt_spider/get_movie_detail_res, Line:107: URL:http://www.ygdy8.net/html/gndy/dyzz/20161002/52100.html
<2016-10-04 16:19:51,894> INFO/dytt_spider/get_movie_detail_res, Line:107: URL:http://www.ygdy8.net/html/gndy/dyzz/20161002/52100.html
<2016-10-04 16:19:52,032> INFO/dytt_spider/get_movie_detail_res, Line:107: URL:http://www.ygdy8.net/html/gndy/dyzz/20161002/52087.html
<2016-10-04 16:19:52,503> INFO/dytt_spider/get_movie_detail_res, Line:107: URL:http://www.ygdy8.net/html/gndy/dyzz/20161002/52087.html
<2016-10-04 16:19:52,673> INFO/dytt_spider/get_movie_detail_res, Line:107: URL:http://www.ygdy8.net/html/gndy/dyzz/20161002/52086.html
<2016-10-04 16:19:53,256> INFO/dytt_spider/get_movie_detail_res, Line:107: URL:http://www.ygdy8.net/html/gndy/dyzz/20161002/52086.html
<2016-10-04 16:19:53,328> INFO/dytt_spider/get_movie_detail_res, Line:107: URL:http://www.ygdy8.net/html/gndy/dyzz/20161002/52085.html
<2016-10-04 16:19:53,901> INFO/dytt_spider/get_movie_detail_res, Line:107: URL:http://www.ygdy8.net/html/gndy/dyzz/20161002/52085.html
<2016-10-04 16:19:53,940> INFO/dytt_spider/get_movie_detail_res, Line:107: URL:http://www.ygdy8.net/html/gndy/dyzz/20160929/52073.html
<2016-10-04 16:19:54,496> INFO/dytt_spider/get_movie_detail_res, Line:107: URL:http://www.ygdy8.net/html/gndy/dyzz/20160929/52073.html
<2016-10-04 16:19:54,592> INFO/dytt_spider/get_movie_detail_res, Line:107: URL:http://www.ygdy8.net/html/gndy/dyzz/20160928/52066.html
<2016-10-04 16:19:55,506> INFO/dytt_spider/get_movie_detail_res, Line:107: URL:http://www.ygdy8.net/html/gndy/dyzz/20160924/52032.html
<2016-10-04 16:19:55,528> INFO/dytt_spider/get_movie_detail_res, Line:107: URL:http://www.ygdy8.net/html/gndy/dyzz/20160928/52066.html
<2016-10-04 16:19:56,428> INFO/dytt_spider/get_movie_detail_res, Line:107: URL:http://www.ygdy8.net/html/gndy/dyzz/20160924/52032.html
<2016-10-04 16:19:57,272> INFO/dytt_spider/get_movie_detail_res, Line:107: URL:http://www.ygdy8.net/html/gndy/dyzz/20160924/52030.html
<2016-10-04 16:19:58,125> INFO/dytt_spider/get_movie_detail_res, Line:107: URL:http://www.ygdy8.net/html/gndy/dyzz/20160923/52025.html
<2016-10-04 16:19:58,509> WARNING/dytt_spider/getPage, Line:74: get page error reason: <urlopen error timed out>
<2016-10-04 16:19:58,940> INFO/dytt_spider/get_movie_detail_res, Line:107: URL:http://www.ygdy8.net/html/gndy/dyzz/20160923/52024.html
<2016-10-04 16:19:59,476> INFO/dytt_spider/get_movie_detail_res, Line:107: URL:http://www.ygdy8.net/html/gndy/dyzz/20160924/52030.html
<2016-10-04 16:20:00,020> INFO/dytt_spider/get_movie_detail_res, Line:107: URL:http://www.ygdy8.net/html/gndy/dyzz/20160922/52018.html
<2016-10-04 16:20:00,384> INFO/dytt_spider/get_movie_detail_res, Line:107: URL:http://www.ygdy8.net/html/gndy/dyzz/20160923/52025.html
<2016-10-04 16:20:00,878> INFO/dytt_spider/get_movie_detail_res, Line:107: URL:http://www.ygdy8.net/html/gndy/dyzz/20160920/52002.html
<2016-10-04 16:20:01,276> INFO/dytt_spider/get_movie_detail_res, Line:107: URL:http://www.ygdy8.net/html/gndy/dyzz/20160923/52024.html
<2016-10-04 16:20:01,915> INFO/dytt_spider/get_movie_detail_res, Line:107: URL:http://www.ygdy8.net/html/gndy/dyzz/20160922/52018.html
<2016-10-04 16:20:02,265> INFO/dytt_spider/get_movie_detail_res, Line:107: URL:http://www.ygdy8.net/html/gndy/dyzz/20160919/51994.html
<2016-10-04 16:20:02,526> INFO/dytt_spider/get_movie_detail_res, Line:107: URL:http://www.ygdy8.net/html/gndy/dyzz/20160920/52002.html
<2016-10-04 16:20:02,892> INFO/dytt_spider/get_movie_detail_res, Line:107: URL:http://www.ygdy8.net/html/gndy/dyzz/20160919/51993.html
<2016-10-04 16:20:03,117> INFO/dytt_spider/get_movie_detail_res, Line:107: URL:http://www.ygdy8.net/html/gndy/dyzz/20160919/51994.html
<2016-10-04 16:20:03,523> ERROR/dytt_spider/getHomePageMovieDetail, Line:198: get url :http://www.ygdy8.net/html/gndy/dyzz/20160919/51993.html failed
<2016-10-04 16:20:03,767> INFO/dytt_spider/get_movie_detail_res, Line:107: URL:http://www.ygdy8.net/html/gndy/dyzz/20160919/51993.html
<2016-10-04 16:20:04,486> ERROR/dytt_spider/getHomePageMovieDetail, Line:198: get url :http://www.ygdy8.net/html/gndy/dyzz/20160919/51993.html failed
<2016-10-04 16:20:05,303> INFO/dytt_spider/get_movie_detail_res, Line:107: URL:http://www.ygdy8.net/html/gndy/jddy/20160930/52080.html
<2016-10-04 16:20:05,999> INFO/dytt_spider/get_movie_detail_res, Line:107: URL:http://www.ygdy8.net/html/gndy/jddy/20160930/52079.html
<2016-10-04 16:20:06,651> INFO/dytt_spider/get_movie_detail_res, Line:107: URL:http://www.ygdy8.net/html/gndy/jddy/20160929/52072.html
<2016-10-04 16:20:06,796> INFO/dytt_spider/get_movie_detail_res, Line:107: URL:http://www.ygdy8.net/html/gndy/jddy/20160930/52080.html
<2016-10-04 16:20:07,302> INFO/dytt_spider/get_movie_detail_res, Line:107: URL:http://www.ygdy8.net/html/gndy/jddy/20160929/52071.html
<2016-10-04 16:20:07,457> INFO/dytt_spider/get_movie_detail_res, Line:107: URL:http://www.ygdy8.net/html/gndy/jddy/20160930/52079.html
<2016-10-04 16:20:21,575> WARNING/dytt_spider/getPage, Line:74: get page error reason: <urlopen error [Errno 11004] getaddrinfo failed>
<2016-10-04 16:20:21,719> WARNING/dytt_spider/getPage, Line:74: get page error reason: <urlopen error [Errno 11004] getaddrinfo failed>
<2016-10-04 16:20:23,957> INFO/dytt_spider/get_movie_detail_res, Line:107: URL:http://www.ygdy8.net/html/gndy/jddy/20160929/52072.html
<2016-10-04 16:20:24,443> INFO/dytt_spider/get_movie_detail_res, Line:107: URL:http://www.ygdy8.net/html/gndy/jddy/20160928/52065.html
<2016-10-04 16:20:24,868> INFO/dytt_spider/get_movie_detail_res, Line:107: URL:http://www.ygdy8.net/html/gndy/jddy/20160929/52071.html
<2016-10-04 16:20:25,753> INFO/dytt_spider/get_movie_detail_res, Line:107: URL:http://www.ygdy8.net/html/gndy/jddy/20160928/52065.html
<2016-10-04 16:20:25,977> INFO/dytt_spider/get_movie_detail_res, Line:107: URL:http://www.ygdy8.net/html/gndy/jddy/20160927/52059.html
<2016-10-04 16:20:26,624> INFO/dytt_spider/get_movie_detail_res, Line:107: URL:http://www.ygdy8.net/html/gndy/jddy/20160927/52059.html
<2016-10-04 16:20:26,910> ERROR/dytt_spider/getHomePageMovieDetail, Line:198: get url :http://www.ygdy8.net/html/gndy/jddy/20160927/52059.html failed
<2016-10-04 16:20:26,913> INFO/dytt_spider/get_movie_detail_res, Line:107: URL:http://www.ygdy8.net/html/gndy/jddy/20160927/52058.html
<2016-10-04 16:20:27,486> ERROR/dytt_spider/getHomePageMovieDetail, Line:198: get url :http://www.ygdy8.net/html/gndy/jddy/20160927/52059.html failed
<2016-10-04 16:20:27,487> INFO/dytt_spider/get_movie_detail_res, Line:107: URL:http://www.ygdy8.net/html/gndy/jddy/20160927/52058.html
<2016-10-04 16:20:27,776> INFO/dytt_spider/get_movie_detail_res, Line:107: URL:http://www.ygdy8.net/html/gndy/jddy/20160926/52052.html
<2016-10-04 16:20:28,335> INFO/dytt_spider/get_movie_detail_res, Line:107: URL:http://www.ygdy8.net/html/gndy/jddy/20160926/52052.html
<2016-10-04 16:20:28,625> INFO/dytt_spider/get_movie_detail_res, Line:107: URL:http://www.ygdy8.net/html/gndy/jddy/20160926/52051.html
<2016-10-04 16:20:29,492> INFO/dytt_spider/get_movie_detail_res, Line:107: URL:http://www.ygdy8.net/html/gndy/jddy/20160926/52050.html
<2016-10-04 16:20:31,348> WARNING/dytt_spider/getPage, Line:74: get page error reason: <urlopen error timed out>
<2016-10-04 16:20:31,552> INFO/dytt_spider/get_movie_detail_res, Line:107: URL:http://www.ygdy8.net/html/gndy/jddy/20160925/52042.html
<2016-10-04 16:20:32,198> INFO/dytt_spider/get_movie_detail_res, Line:107: URL:http://www.ygdy8.net/html/gndy/jddy/20160926/52051.html
<2016-10-04 16:20:32,434> INFO/dytt_spider/get_movie_detail_res, Line:107: URL:http://www.ygdy8.net/html/gndy/jddy/20160923/52023.html
<2016-10-04 16:20:33,099> INFO/dytt_spider/get_movie_detail_res, Line:107: URL:http://www.ygdy8.net/html/gndy/jddy/20160926/52050.html
<2016-10-04 16:20:33,309> INFO/dytt_spider/get_movie_detail_res, Line:107: URL:http://www.ygdy8.net/html/gndy/jddy/20160922/52017.html
<2016-10-04 16:20:33,947> INFO/dytt_spider/get_movie_detail_res, Line:107: URL:http://www.ygdy8.net/html/gndy/jddy/20160925/52042.html
<2016-10-04 16:20:34,243> INFO/dytt_spider/get_movie_detail_res, Line:107: URL:http://www.ygdy8.net/html/gndy/jddy/20160921/52010.html
<2016-10-04 16:20:34,694> INFO/dytt_spider/get_movie_detail_res, Line:107: URL:http://www.ygdy8.net/html/gndy/jddy/20160923/52023.html
<2016-10-04 16:20:34,875> INFO/dytt_spider/get_movie_detail_res, Line:107: URL:http://www.ygdy8.net/html/gndy/jddy/20160921/52009.html
<2016-10-04 16:20:35,368> INFO/dytt_spider/get_movie_detail_res, Line:107: URL:http://www.ygdy8.net/html/gndy/jddy/20160922/52017.html
<2016-10-04 16:20:35,584> ERROR/dytt_spider/getHomePageMovieDetail, Line:198: get url :http://www.ygdy8.net/html/gndy/jddy/20160921/52009.html failed
<2016-10-04 16:20:35,586> INFO/tool/getReleaseTime, Line:43: 2016-10-03
<2016-10-04 16:20:35,591> INFO/tool/getStarScore, Line:55: 7.2
<2016-10-04 16:20:35,594> INFO/tool/getMovieType, Line:65: 剧情/传记/犯罪
<2016-10-04 16:20:35,595> INFO/tool/getReleaseTime, Line:43: 2016-10-03
<2016-10-04 16:20:35,595> INFO/tool/getStarScore, Line:55: 7.2
<2016-10-04 16:20:35,595> INFO/tool/getMovieType, Line:65: 剧情/喜剧/动作
<2016-10-04 16:20:35,595> INFO/tool/getReleaseTime, Line:43: 2016-10-02
<2016-10-04 16:20:35,595> INFO/tool/getStarScore, Line:55: 8.0
<2016-10-04 16:20:35,596> INFO/tool/getMovieType, Line:65: 剧情/动画/奇幻
<2016-10-04 16:20:35,598> INFO/tool/getReleaseTime, Line:43: 2016-10-02
<2016-10-04 16:20:35,598> INFO/tool/getStarScore, Line:55: 6.4
<2016-10-04 16:20:35,598> INFO/tool/getMovieType, Line:65: 剧情/动作/犯罪
<2016-10-04 16:20:35,598> INFO/tool/getReleaseTime, Line:43: 2016-10-02
<2016-10-04 16:20:35,598> INFO/tool/getStarScore, Line:55: 7.7
<2016-10-04 16:20:35,599> INFO/tool/getMovieType, Line:65: 剧情/爱情/犯罪
<2016-10-04 16:20:35,599> INFO/tool/getReleaseTime, Line:43: 2016-09-29
<2016-10-04 16:20:35,601> INFO/tool/getStarScore, Line:55: 6.4
<2016-10-04 16:20:35,601> INFO/tool/getMovieType, Line:65: 奇幻/冒险
<2016-10-04 16:20:35,601> INFO/tool/getReleaseTime, Line:43: 2016-09-28
<2016-10-04 16:20:35,602> INFO/tool/getStarScore, Line:55: 5.5
<2016-10-04 16:20:35,602> INFO/tool/getMovieType, Line:65: 动作/喜剧/科幻
<2016-10-04 16:20:35,604> INFO/tool/getReleaseTime, Line:43: 2016-09-24
<2016-10-04 16:20:35,605> INFO/tool/getStarScore, Line:55: 5.5
<2016-10-04 16:20:35,605> INFO/tool/getMovieType, Line:65: 动作/喜剧/科幻
<2016-10-04 16:20:35,605> INFO/tool/getReleaseTime, Line:43: 2016-09-24
<2016-10-04 16:20:35,605> INFO/tool/getStarScore, Line:55: 7.1
<2016-10-04 16:20:35,607> INFO/tool/getMovieType, Line:65: 剧情/科幻/动画/奇幻/冒险
<2016-10-04 16:20:35,608> INFO/tool/getReleaseTime, Line:43: 2016-09-23
<2016-10-04 16:20:35,608> INFO/tool/getStarScore, Line:55: 7.8
<2016-10-04 16:20:35,608> INFO/tool/getMovieType, Line:65: 剧情/喜剧/冒险
<2016-10-04 16:20:35,608> INFO/tool/getReleaseTime, Line:43: 2016-09-23
<2016-10-04 16:20:35,609> INFO/tool/getStarScore, Line:55: 5.7
<2016-10-04 16:20:35,609> INFO/tool/getMovieType, Line:65: 喜剧/动作
<2016-10-04 16:20:35,611> INFO/tool/getReleaseTime, Line:43: 2016-09-22
<2016-10-04 16:20:35,611> INFO/tool/getStarScore, Line:55: 6.1
<2016-10-04 16:20:35,611> INFO/tool/getMovieType, Line:65: 动作/科幻/恐怖
<2016-10-04 16:20:35,611> INFO/tool/getReleaseTime, Line:43: 2016-09-20
<2016-10-04 16:20:35,612> INFO/tool/getMovieType, Line:65: 爱情
<2016-10-04 16:20:35,614> INFO/tool/getReleaseTime, Line:43: 2016-09-19
<2016-10-04 16:20:35,614> INFO/tool/getStarScore, Line:55: 6.4
<2016-10-04 16:20:35,614> INFO/tool/getMovieType, Line:65: 奇幻/冒险
<2016-10-04 16:20:35,615> INFO/tool/getReleaseTime, Line:43: 2016-09-30
<2016-10-04 16:20:35,615> INFO/tool/getStarScore, Line:55: 5.4
<2016-10-04 16:20:35,615> INFO/tool/getMovieType, Line:65: 动作
<2016-10-04 16:20:35,617> INFO/tool/getReleaseTime, Line:43: 2016-09-30
<2016-10-04 16:20:35,617> INFO/tool/getMovieType, Line:65: 悬疑/恐怖
<2016-10-04 16:20:35,618> INFO/tool/getReleaseTime, Line:43: 2016-09-29
<2016-10-04 16:20:35,618> INFO/tool/getStarScore, Line:55: 5.9
<2016-10-04 16:20:35,618> INFO/tool/getMovieType, Line:65: 喜剧/爱情
<2016-10-04 16:20:35,618> INFO/tool/getReleaseTime, Line:43: 2016-09-29
<2016-10-04 16:20:35,619> INFO/tool/getStarScore, Line:55: 6.0
<2016-10-04 16:20:35,619> INFO/tool/getMovieType, Line:65: 剧情/科幻
<2016-10-04 16:20:35,621> INFO/tool/getReleaseTime, Line:43: 2016-09-28
<2016-10-04 16:20:35,621> INFO/tool/getStarScore, Line:55: 4.0
<2016-10-04 16:20:35,621> INFO/tool/getMovieType, Line:65: 剧情/悬疑/恐怖
<2016-10-04 16:20:35,621> INFO/tool/getReleaseTime, Line:43: 2016-09-27
<2016-10-04 16:20:35,621> INFO/tool/getMovieType, Line:65: 爱情/悬疑/惊悚
<2016-10-04 16:20:35,622> INFO/tool/getReleaseTime, Line:43: 2016-09-26
<2016-10-04 16:20:35,624> INFO/tool/getStarScore, Line:55: 7.0
<2016-10-04 16:20:35,624> INFO/tool/getMovieType, Line:65: 剧情/喜剧/爱情
<2016-10-04 16:20:35,625> INFO/tool/getReleaseTime, Line:43: 2016-09-26
<2016-10-04 16:20:35,625> INFO/tool/getStarScore, Line:55: 4.2
<2016-10-04 16:20:35,625> INFO/tool/getMovieType, Line:65: 惊悚/恐怖
<2016-10-04 16:20:35,625> INFO/tool/getReleaseTime, Line:43: 2016-09-26
<2016-10-04 16:20:35,625> INFO/tool/getStarScore, Line:55: 7.0
<2016-10-04 16:20:35,627> INFO/tool/getMovieType, Line:65: 剧情/爱情
<2016-10-04 16:20:35,627> INFO/tool/getReleaseTime, Line:43: 2016-09-25
<2016-10-04 16:20:35,628> INFO/tool/getStarScore, Line:55: 5.6
<2016-10-04 16:20:35,628> INFO/tool/getMovieType, Line:65: 动作/科幻/冒险/灾难 
<2016-10-04 16:20:35,628> INFO/tool/getReleaseTime, Line:43: 2016-09-23
<2016-10-04 16:20:35,630> INFO/tool/getMovieType, Line:65: 动作/犯罪/冒险
<2016-10-04 16:20:35,630> INFO/tool/getReleaseTime, Line:43: 2016-09-22
<2016-10-04 16:20:35,631> INFO/tool/getStarScore, Line:55: 6.6
<2016-10-04 16:20:35,631> INFO/tool/getMovieType, Line:65: 剧情/家庭
<2016-10-04 16:20:35,631> INFO/tool/getReleaseTime, Line:43: 2016-09-21
<2016-10-04 16:20:35,632> INFO/tool/getStarScore, Line:55: 6.5
<2016-10-04 16:20:35,632> INFO/tool/getMovieType, Line:65: 动作/冒险
<2016-10-04 16:20:35,634> INFO/movie_model_operation/set_array_movies_data, Line:65: prepare to write data to database
<2016-10-04 16:20:35,637> INFO/movie_model_operation/set_array_movies_data, Line:78: before title 2016年犯罪剧情传记《潜伏者》BD中英双字幕
<2016-10-04 16:20:35,637> INFO/movie_model_operation/set_array_movies_data, Line:78: before title 2016年动作喜剧《赏金猎人》BD国粤双语中字
<2016-10-04 16:20:35,638> INFO/movie_model_operation/set_array_movies_data, Line:78: before title 2016年奇幻动画《大鱼海棠》HD国语中字
<2016-10-04 16:20:35,638> INFO/movie_model_operation/set_array_movies_data, Line:78: before title 2016年动作《使徒行者》HD国语中字
<2016-10-04 16:20:35,638> INFO/movie_model_operation/set_array_movies_data, Line:78: before title 2016年获奖剧情《喊・山/喊山》HD国语中字
<2016-10-04 16:20:35,638> INFO/movie_model_operation/set_array_movies_data, Line:78: before title 2016年奇幻《爱丽丝梦游仙境2：镜中奇遇记》国英双语BD中英双字幕
<2016-10-04 16:20:35,638> INFO/movie_model_operation/set_array_movies_data, Line:78: before title 2016年科幻喜剧《超能敢死队加长版》BD中英双字幕
<2016-10-04 16:20:35,640> INFO/movie_model_operation/set_array_movies_data, Line:78: before title 2016年科幻动作喜剧《超能敢死队》HD中英双字幕
<2016-10-04 16:20:35,640> INFO/movie_model_operation/set_array_movies_data, Line:78: before title 2016年科幻动画《最终幻想15：王者之剑》BD中英双字幕
<2016-10-04 16:20:35,640> INFO/movie_model_operation/set_array_movies_data, Line:78: before title 2016年冒险喜剧《瑞士军刀男》BD中英双字幕
<2016-10-04 16:20:35,641> INFO/movie_model_operation/set_array_movies_data, Line:78: before title 2016年成龙动作喜剧《绝地逃亡》HD国语中字
<2016-10-04 16:20:35,641> INFO/movie_model_operation/set_array_movies_data, Line:78: before title 2016年科幻动作《人类清除计划3》BD中英双字幕
<2016-10-04 16:20:35,641> INFO/movie_model_operation/set_array_movies_data, Line:78: before title 2016年井柏然杨颖《微微一笑很倾城》HD国语中字
<2016-10-04 16:20:35,641> INFO/movie_model_operation/set_array_movies_data, Line:78: before title 2016年奇幻《爱丽丝梦游仙境2：镜中奇遇记》HD中英双字幕
<2016-10-04 16:20:35,641> INFO/movie_model_operation/set_array_movies_data, Line:78: before title 2016年动作《美国迦顿》BD中英双字幕
<2016-10-04 16:20:35,642> INFO/movie_model_operation/set_array_movies_data, Line:78: before title 2016年悬疑恐怖《诡新娘/鬼新娘》HD国语中字
<2016-10-04 16:20:35,642> INFO/movie_model_operation/set_array_movies_data, Line:78: before title 2016年爱情喜剧《我最好朋友的婚礼》HD国语中字
<2016-10-04 16:20:35,644> INFO/movie_model_operation/set_array_movies_data, Line:78: before title 2015年科幻《森林深处/进入森林》BD中英双字幕
<2016-10-04 16:20:35,644> INFO/movie_model_operation/set_array_movies_data, Line:78: before title 2016年悬疑恐怖《安娜华特的离奇命运》BD中英双字幕
<2016-10-04 16:20:35,644> INFO/movie_model_operation/set_array_movies_data, Line:78: before title 2016年悬疑惊悚《张震讲故事之合租屋》HD国语中字
<2016-10-04 16:20:35,644> INFO/movie_model_operation/set_array_movies_data, Line:78: before title 2016年伍迪・艾伦执导喜剧《咖啡公社》BD中英双字幕
<2016-10-04 16:20:35,644> INFO/movie_model_operation/set_array_movies_data, Line:78: before title 2016年恐怖《黑暗/米兰达街6号》BD中英双字幕
<2016-10-04 16:20:35,645> INFO/movie_model_operation/set_array_movies_data, Line:78: before title 2016年爱情《爱情与友谊/情人与知己》BD中英双字幕
<2016-10-04 16:20:35,645> INFO/movie_model_operation/set_array_movies_data, Line:78: before title 2016年科幻动作《独立日：卷土重来》HD中英双字幕
<2016-10-04 16:20:35,645> INFO/movie_model_operation/set_array_movies_data, Line:78: before title 2016年冒险动作《终极硬汉》HD国语中字
<2016-10-04 16:20:35,647> INFO/movie_model_operation/set_array_movies_data, Line:78: before title 2016年惠英红《幸运是我》HD国粤双语中字
<2016-10-04 16:20:35,647> INFO/movie_model_operation/set_array_movies_data, Line:78: before title 2016年动作《泰山归来：险战丛林》HD中英双字幕
<2016-10-04 16:20:35,648> WARNING/__init__/get_prep_value, Line:1474: D:\Program Files (x86)\Python27\lib\site-packages\django-1.8.7-py2.7.egg\django\db\models\fields\__init__.py:1474: RuntimeWarning: DateTimeField MovieModel.release_time received a naive datetime (2016-10-03 00:00:00) while time zone support is active.
  RuntimeWarning)

<2016-10-04 16:20:35,700> WARNING/__init__/get_prep_value, Line:1474: D:\Program Files (x86)\Python27\lib\site-packages\django-1.8.7-py2.7.egg\django\db\models\fields\__init__.py:1474: RuntimeWarning: DateTimeField MovieModel.release_time received a naive datetime (2016-10-02 00:00:00) while time zone support is active.
  RuntimeWarning)

<2016-10-04 16:20:35,701> WARNING/__init__/get_prep_value, Line:1474: D:\Program Files (x86)\Python27\lib\site-packages\django-1.8.7-py2.7.egg\django\db\models\fields\__init__.py:1474: RuntimeWarning: DateTimeField MovieModel.release_time received a naive datetime (2016-09-29 00:00:00) while time zone support is active.
  RuntimeWarning)

<2016-10-04 16:20:35,701> WARNING/__init__/get_prep_value, Line:1474: D:\Program Files (x86)\Python27\lib\site-packages\django-1.8.7-py2.7.egg\django\db\models\fields\__init__.py:1474: RuntimeWarning: DateTimeField MovieModel.release_time received a naive datetime (2016-09-28 00:00:00) while time zone support is active.
  RuntimeWarning)

<2016-10-04 16:20:35,703> WARNING/__init__/get_prep_value, Line:1474: D:\Program Files (x86)\Python27\lib\site-packages\django-1.8.7-py2.7.egg\django\db\models\fields\__init__.py:1474: RuntimeWarning: DateTimeField MovieModel.release_time received a naive datetime (2016-09-24 00:00:00) while time zone support is active.
  RuntimeWarning)

<2016-10-04 16:20:35,703> WARNING/__init__/get_prep_value, Line:1474: D:\Program Files (x86)\Python27\lib\site-packages\django-1.8.7-py2.7.egg\django\db\models\fields\__init__.py:1474: RuntimeWarning: DateTimeField MovieModel.release_time received a naive datetime (2016-09-23 00:00:00) while time zone support is active.
  RuntimeWarning)

<2016-10-04 16:20:35,703> WARNING/__init__/get_prep_value, Line:1474: D:\Program Files (x86)\Python27\lib\site-packages\django-1.8.7-py2.7.egg\django\db\models\fields\__init__.py:1474: RuntimeWarning: DateTimeField MovieModel.release_time received a naive datetime (2016-09-22 00:00:00) while time zone support is active.
  RuntimeWarning)

<2016-10-04 16:20:35,704> WARNING/__init__/get_prep_value, Line:1474: D:\Program Files (x86)\Python27\lib\site-packages\django-1.8.7-py2.7.egg\django\db\models\fields\__init__.py:1474: RuntimeWarning: DateTimeField MovieModel.release_time received a naive datetime (2016-09-20 00:00:00) while time zone support is active.
  RuntimeWarning)

<2016-10-04 16:20:35,704> WARNING/__init__/get_prep_value, Line:1474: D:\Program Files (x86)\Python27\lib\site-packages\django-1.8.7-py2.7.egg\django\db\models\fields\__init__.py:1474: RuntimeWarning: DateTimeField MovieModel.release_time received a naive datetime (2016-09-19 00:00:00) while time zone support is active.
  RuntimeWarning)

<2016-10-04 16:20:35,704> WARNING/__init__/get_prep_value, Line:1474: D:\Program Files (x86)\Python27\lib\site-packages\django-1.8.7-py2.7.egg\django\db\models\fields\__init__.py:1474: RuntimeWarning: DateTimeField MovieModel.release_time received a naive datetime (2016-09-30 00:00:00) while time zone support is active.
  RuntimeWarning)

<2016-10-04 16:20:35,707> WARNING/__init__/get_prep_value, Line:1474: D:\Program Files (x86)\Python27\lib\site-packages\django-1.8.7-py2.7.egg\django\db\models\fields\__init__.py:1474: RuntimeWarning: DateTimeField MovieModel.release_time received a naive datetime (2016-09-27 00:00:00) while time zone support is active.
  RuntimeWarning)

<2016-10-04 16:20:35,707> WARNING/__init__/get_prep_value, Line:1474: D:\Program Files (x86)\Python27\lib\site-packages\django-1.8.7-py2.7.egg\django\db\models\fields\__init__.py:1474: RuntimeWarning: DateTimeField MovieModel.release_time received a naive datetime (2016-09-26 00:00:00) while time zone support is active.
  RuntimeWarning)

<2016-10-04 16:20:35,707> WARNING/__init__/get_prep_value, Line:1474: D:\Program Files (x86)\Python27\lib\site-packages\django-1.8.7-py2.7.egg\django\db\models\fields\__init__.py:1474: RuntimeWarning: DateTimeField MovieModel.release_time received a naive datetime (2016-09-25 00:00:00) while time zone support is active.
  RuntimeWarning)

<2016-10-04 16:20:35,709> WARNING/__init__/get_prep_value, Line:1474: D:\Program Files (x86)\Python27\lib\site-packages\django-1.8.7-py2.7.egg\django\db\models\fields\__init__.py:1474: RuntimeWarning: DateTimeField MovieModel.release_time received a naive datetime (2016-09-21 00:00:00) while time zone support is active.
  RuntimeWarning)

<2016-10-04 16:20:35,875> INFO/movie_model_operation/set_array_movies_data, Line:92: write data success
<2016-10-04 16:20:35,979> INFO/dytt_spider/get_movie_detail_res, Line:107: URL:http://www.ygdy8.net/html/gndy/jddy/20160921/52010.html
<2016-10-04 16:20:36,581> INFO/dytt_spider/get_movie_detail_res, Line:107: URL:http://www.ygdy8.net/html/gndy/jddy/20160921/52009.html
<2016-10-04 16:20:37,286> ERROR/dytt_spider/getHomePageMovieDetail, Line:198: get url :http://www.ygdy8.net/html/gndy/jddy/20160921/52009.html failed
<2016-10-04 16:20:37,286> INFO/tool/getReleaseTime, Line:43: 2016-10-03
<2016-10-04 16:20:37,302> INFO/tool/getStarScore, Line:55: 7.2
<2016-10-04 16:20:37,305> INFO/tool/getMovieType, Line:65: 剧情/传记/犯罪
<2016-10-04 16:20:37,305> INFO/tool/getReleaseTime, Line:43: 2016-10-03
<2016-10-04 16:20:37,305> INFO/tool/getStarScore, Line:55: 7.2
<2016-10-04 16:20:37,305> INFO/tool/getMovieType, Line:65: 剧情/喜剧/动作
<2016-10-04 16:20:37,305> INFO/tool/getReleaseTime, Line:43: 2016-10-02
<2016-10-04 16:20:37,305> INFO/tool/getStarScore, Line:55: 8.0
<2016-10-04 16:20:37,305> INFO/tool/getMovieType, Line:65: 剧情/动画/奇幻
<2016-10-04 16:20:37,305> INFO/tool/getReleaseTime, Line:43: 2016-10-02
<2016-10-04 16:20:37,305> INFO/tool/getStarScore, Line:55: 6.4
<2016-10-04 16:20:37,305> INFO/tool/getMovieType, Line:65: 剧情/动作/犯罪
<2016-10-04 16:20:37,305> INFO/tool/getReleaseTime, Line:43: 2016-10-02
<2016-10-04 16:20:37,305> INFO/tool/getStarScore, Line:55: 7.7
<2016-10-04 16:20:37,305> INFO/tool/getMovieType, Line:65: 剧情/爱情/犯罪
<2016-10-04 16:20:37,305> INFO/tool/getReleaseTime, Line:43: 2016-09-29
<2016-10-04 16:20:37,305> INFO/tool/getStarScore, Line:55: 6.4
<2016-10-04 16:20:37,305> INFO/tool/getMovieType, Line:65: 奇幻/冒险
<2016-10-04 16:20:37,305> INFO/tool/getReleaseTime, Line:43: 2016-09-28
<2016-10-04 16:20:37,305> INFO/tool/getStarScore, Line:55: 5.5
<2016-10-04 16:20:37,305> INFO/tool/getMovieType, Line:65: 动作/喜剧/科幻
<2016-10-04 16:20:37,305> INFO/tool/getReleaseTime, Line:43: 2016-09-24
<2016-10-04 16:20:37,305> INFO/tool/getStarScore, Line:55: 5.5
<2016-10-04 16:20:37,305> INFO/tool/getMovieType, Line:65: 动作/喜剧/科幻
<2016-10-04 16:20:37,305> INFO/tool/getReleaseTime, Line:43: 2016-09-24
<2016-10-04 16:20:37,305> INFO/tool/getStarScore, Line:55: 7.1
<2016-10-04 16:20:37,305> INFO/tool/getMovieType, Line:65: 剧情/科幻/动画/奇幻/冒险
<2016-10-04 16:20:37,305> INFO/tool/getReleaseTime, Line:43: 2016-09-23
<2016-10-04 16:20:37,305> INFO/tool/getStarScore, Line:55: 7.8
<2016-10-04 16:20:37,305> INFO/tool/getMovieType, Line:65: 剧情/喜剧/冒险
<2016-10-04 16:20:37,305> INFO/tool/getReleaseTime, Line:43: 2016-09-23
<2016-10-04 16:20:37,305> INFO/tool/getStarScore, Line:55: 5.7
<2016-10-04 16:20:37,321> INFO/tool/getMovieType, Line:65: 喜剧/动作
<2016-10-04 16:20:37,321> INFO/tool/getReleaseTime, Line:43: 2016-09-22
<2016-10-04 16:20:37,321> INFO/tool/getStarScore, Line:55: 6.1
<2016-10-04 16:20:37,321> INFO/tool/getMovieType, Line:65: 动作/科幻/恐怖
<2016-10-04 16:20:37,321> INFO/tool/getReleaseTime, Line:43: 2016-09-20
<2016-10-04 16:20:37,321> INFO/tool/getMovieType, Line:65: 爱情
<2016-10-04 16:20:37,321> INFO/tool/getReleaseTime, Line:43: 2016-09-19
<2016-10-04 16:20:37,321> INFO/tool/getStarScore, Line:55: 6.4
<2016-10-04 16:20:37,321> INFO/tool/getMovieType, Line:65: 奇幻/冒险
<2016-10-04 16:20:37,321> INFO/tool/getReleaseTime, Line:43: 2016-09-30
<2016-10-04 16:20:37,321> INFO/tool/getStarScore, Line:55: 5.4
<2016-10-04 16:20:37,321> INFO/tool/getMovieType, Line:65: 动作
<2016-10-04 16:20:37,321> INFO/tool/getReleaseTime, Line:43: 2016-09-30
<2016-10-04 16:20:37,321> INFO/tool/getMovieType, Line:65: 悬疑/恐怖
<2016-10-04 16:20:37,321> INFO/tool/getReleaseTime, Line:43: 2016-09-29
<2016-10-04 16:20:37,321> INFO/tool/getStarScore, Line:55: 5.9
<2016-10-04 16:20:37,321> INFO/tool/getMovieType, Line:65: 喜剧/爱情
<2016-10-04 16:20:37,321> INFO/tool/getReleaseTime, Line:43: 2016-09-29
<2016-10-04 16:20:37,321> INFO/tool/getStarScore, Line:55: 6.0
<2016-10-04 16:20:37,321> INFO/tool/getMovieType, Line:65: 剧情/科幻
<2016-10-04 16:20:37,321> INFO/tool/getReleaseTime, Line:43: 2016-09-28
<2016-10-04 16:20:37,321> INFO/tool/getStarScore, Line:55: 4.0
<2016-10-04 16:20:37,321> INFO/tool/getMovieType, Line:65: 剧情/悬疑/恐怖
<2016-10-04 16:20:37,321> INFO/tool/getReleaseTime, Line:43: 2016-09-27
<2016-10-04 16:20:37,321> INFO/tool/getMovieType, Line:65: 爱情/悬疑/惊悚
<2016-10-04 16:20:37,321> INFO/tool/getReleaseTime, Line:43: 2016-09-26
<2016-10-04 16:20:37,321> INFO/tool/getStarScore, Line:55: 7.0
<2016-10-04 16:20:37,321> INFO/tool/getMovieType, Line:65: 剧情/喜剧/爱情
<2016-10-04 16:20:37,321> INFO/tool/getReleaseTime, Line:43: 2016-09-26
<2016-10-04 16:20:37,321> INFO/tool/getStarScore, Line:55: 4.2
<2016-10-04 16:20:37,321> INFO/tool/getMovieType, Line:65: 惊悚/恐怖
<2016-10-04 16:20:37,321> INFO/tool/getReleaseTime, Line:43: 2016-09-26
<2016-10-04 16:20:37,321> INFO/tool/getStarScore, Line:55: 7.0
<2016-10-04 16:20:37,321> INFO/tool/getMovieType, Line:65: 剧情/爱情
<2016-10-04 16:20:37,338> INFO/tool/getReleaseTime, Line:43: 2016-09-25
<2016-10-04 16:20:37,338> INFO/tool/getStarScore, Line:55: 5.6
<2016-10-04 16:20:37,339> INFO/tool/getMovieType, Line:65: 动作/科幻/冒险/灾难 
<2016-10-04 16:20:37,341> INFO/tool/getReleaseTime, Line:43: 2016-09-23
<2016-10-04 16:20:37,342> INFO/tool/getMovieType, Line:65: 动作/犯罪/冒险
<2016-10-04 16:20:37,342> INFO/tool/getReleaseTime, Line:43: 2016-09-22
<2016-10-04 16:20:37,342> INFO/tool/getStarScore, Line:55: 6.6
<2016-10-04 16:20:37,342> INFO/tool/getMovieType, Line:65: 剧情/家庭
<2016-10-04 16:20:37,344> INFO/tool/getReleaseTime, Line:43: 2016-09-21
<2016-10-04 16:20:37,344> INFO/tool/getStarScore, Line:55: 6.5
<2016-10-04 16:20:37,345> INFO/tool/getMovieType, Line:65: 动作/冒险
<2016-10-04 16:20:37,345> INFO/movie_model_operation/set_array_movies_data, Line:65: prepare to write data to database
<2016-10-04 16:20:37,351> INFO/movie_model_operation/set_array_movies_data, Line:72: delete home data
<2016-10-04 16:20:37,464> INFO/movie_model_operation/set_array_movies_data, Line:78: before title 2016年犯罪剧情传记《潜伏者》BD中英双字幕
<2016-10-04 16:20:37,464> INFO/movie_model_operation/set_array_movies_data, Line:78: before title 2016年动作喜剧《赏金猎人》BD国粤双语中字
<2016-10-04 16:20:37,466> INFO/movie_model_operation/set_array_movies_data, Line:78: before title 2016年奇幻动画《大鱼海棠》HD国语中字
<2016-10-04 16:20:37,466> INFO/movie_model_operation/set_array_movies_data, Line:78: before title 2016年动作《使徒行者》HD国语中字
<2016-10-04 16:20:37,467> INFO/movie_model_operation/set_array_movies_data, Line:78: before title 2016年获奖剧情《喊・山/喊山》HD国语中字
<2016-10-04 16:20:37,467> INFO/movie_model_operation/set_array_movies_data, Line:78: before title 2016年奇幻《爱丽丝梦游仙境2：镜中奇遇记》国英双语BD中英双字幕
<2016-10-04 16:20:37,467> INFO/movie_model_operation/set_array_movies_data, Line:78: before title 2016年科幻喜剧《超能敢死队加长版》BD中英双字幕
<2016-10-04 16:20:37,467> INFO/movie_model_operation/set_array_movies_data, Line:78: before title 2016年科幻动作喜剧《超能敢死队》HD中英双字幕
<2016-10-04 16:20:37,467> INFO/movie_model_operation/set_array_movies_data, Line:78: before title 2016年科幻动画《最终幻想15：王者之剑》BD中英双字幕
<2016-10-04 16:20:37,469> INFO/movie_model_operation/set_array_movies_data, Line:78: before title 2016年冒险喜剧《瑞士军刀男》BD中英双字幕
<2016-10-04 16:20:37,469> INFO/movie_model_operation/set_array_movies_data, Line:78: before title 2016年成龙动作喜剧《绝地逃亡》HD国语中字
<2016-10-04 16:20:37,470> INFO/movie_model_operation/set_array_movies_data, Line:78: before title 2016年科幻动作《人类清除计划3》BD中英双字幕
<2016-10-04 16:20:37,470> INFO/movie_model_operation/set_array_movies_data, Line:78: before title 2016年井柏然杨颖《微微一笑很倾城》HD国语中字
<2016-10-04 16:20:37,470> INFO/movie_model_operation/set_array_movies_data, Line:78: before title 2016年奇幻《爱丽丝梦游仙境2：镜中奇遇记》HD中英双字幕
<2016-10-04 16:20:37,470> INFO/movie_model_operation/set_array_movies_data, Line:78: before title 2016年动作《美国迦顿》BD中英双字幕
<2016-10-04 16:20:37,470> INFO/movie_model_operation/set_array_movies_data, Line:78: before title 2016年悬疑恐怖《诡新娘/鬼新娘》HD国语中字
<2016-10-04 16:20:37,471> INFO/movie_model_operation/set_array_movies_data, Line:78: before title 2016年爱情喜剧《我最好朋友的婚礼》HD国语中字
<2016-10-04 16:20:37,471> INFO/movie_model_operation/set_array_movies_data, Line:78: before title 2015年科幻《森林深处/进入森林》BD中英双字幕
<2016-10-04 16:20:37,473> INFO/movie_model_operation/set_array_movies_data, Line:78: before title 2016年悬疑恐怖《安娜华特的离奇命运》BD中英双字幕
<2016-10-04 16:20:37,473> INFO/movie_model_operation/set_array_movies_data, Line:78: before title 2016年悬疑惊悚《张震讲故事之合租屋》HD国语中字
<2016-10-04 16:20:37,473> INFO/movie_model_operation/set_array_movies_data, Line:78: before title 2016年伍迪・艾伦执导喜剧《咖啡公社》BD中英双字幕
<2016-10-04 16:20:37,473> INFO/movie_model_operation/set_array_movies_data, Line:78: before title 2016年恐怖《黑暗/米兰达街6号》BD中英双字幕
<2016-10-04 16:20:37,473> INFO/movie_model_operation/set_array_movies_data, Line:78: before title 2016年爱情《爱情与友谊/情人与知己》BD中英双字幕
<2016-10-04 16:20:37,473> INFO/movie_model_operation/set_array_movies_data, Line:78: before title 2016年科幻动作《独立日：卷土重来》HD中英双字幕
<2016-10-04 16:20:37,474> INFO/movie_model_operation/set_array_movies_data, Line:78: before title 2016年冒险动作《终极硬汉》HD国语中字
<2016-10-04 16:20:37,474> INFO/movie_model_operation/set_array_movies_data, Line:78: before title 2016年惠英红《幸运是我》HD国粤双语中字
<2016-10-04 16:20:37,476> INFO/movie_model_operation/set_array_movies_data, Line:78: before title 2016年动作《泰山归来：险战丛林》HD中英双字幕
<2016-10-04 16:20:37,476> WARNING/__init__/get_prep_value, Line:1474: D:\Program Files (x86)\Python27\lib\site-packages\django-1.8.7-py2.7.egg\django\db\models\fields\__init__.py:1474: RuntimeWarning: DateTimeField MovieModel.release_time received a naive datetime (2016-10-03 00:00:00) while time zone support is active.
  RuntimeWarning)

<2016-10-04 16:20:37,520> WARNING/__init__/get_prep_value, Line:1474: D:\Program Files (x86)\Python27\lib\site-packages\django-1.8.7-py2.7.egg\django\db\models\fields\__init__.py:1474: RuntimeWarning: DateTimeField MovieModel.release_time received a naive datetime (2016-10-02 00:00:00) while time zone support is active.
  RuntimeWarning)

<2016-10-04 16:20:37,520> WARNING/__init__/get_prep_value, Line:1474: D:\Program Files (x86)\Python27\lib\site-packages\django-1.8.7-py2.7.egg\django\db\models\fields\__init__.py:1474: RuntimeWarning: DateTimeField MovieModel.release_time received a naive datetime (2016-09-29 00:00:00) while time zone support is active.
  RuntimeWarning)

<2016-10-04 16:20:37,520> WARNING/__init__/get_prep_value, Line:1474: D:\Program Files (x86)\Python27\lib\site-packages\django-1.8.7-py2.7.egg\django\db\models\fields\__init__.py:1474: RuntimeWarning: DateTimeField MovieModel.release_time received a naive datetime (2016-09-28 00:00:00) while time zone support is active.
  RuntimeWarning)

<2016-10-04 16:20:37,520> WARNING/__init__/get_prep_value, Line:1474: D:\Program Files (x86)\Python27\lib\site-packages\django-1.8.7-py2.7.egg\django\db\models\fields\__init__.py:1474: RuntimeWarning: DateTimeField MovieModel.release_time received a naive datetime (2016-09-24 00:00:00) while time zone support is active.
  RuntimeWarning)

<2016-10-04 16:20:37,520> WARNING/__init__/get_prep_value, Line:1474: D:\Program Files (x86)\Python27\lib\site-packages\django-1.8.7-py2.7.egg\django\db\models\fields\__init__.py:1474: RuntimeWarning: DateTimeField MovieModel.release_time received a naive datetime (2016-09-23 00:00:00) while time zone support is active.
  RuntimeWarning)

<2016-10-04 16:20:37,520> WARNING/__init__/get_prep_value, Line:1474: D:\Program Files (x86)\Python27\lib\site-packages\django-1.8.7-py2.7.egg\django\db\models\fields\__init__.py:1474: RuntimeWarning: DateTimeField MovieModel.release_time received a naive datetime (2016-09-22 00:00:00) while time zone support is active.
  RuntimeWarning)

<2016-10-04 16:20:37,520> WARNING/__init__/get_prep_value, Line:1474: D:\Program Files (x86)\Python27\lib\site-packages\django-1.8.7-py2.7.egg\django\db\models\fields\__init__.py:1474: RuntimeWarning: DateTimeField MovieModel.release_time received a naive datetime (2016-09-20 00:00:00) while time zone support is active.
  RuntimeWarning)

<2016-10-04 16:20:37,538> WARNING/__init__/get_prep_value, Line:1474: D:\Program Files (x86)\Python27\lib\site-packages\django-1.8.7-py2.7.egg\django\db\models\fields\__init__.py:1474: RuntimeWarning: DateTimeField MovieModel.release_time received a naive datetime (2016-09-19 00:00:00) while time zone support is active.
  RuntimeWarning)

<2016-10-04 16:20:37,539> WARNING/__init__/get_prep_value, Line:1474: D:\Program Files (x86)\Python27\lib\site-packages\django-1.8.7-py2.7.egg\django\db\models\fields\__init__.py:1474: RuntimeWarning: DateTimeField MovieModel.release_time received a naive datetime (2016-09-30 00:00:00) while time zone support is active.
  RuntimeWarning)

<2016-10-04 16:20:37,539> WARNING/__init__/get_prep_value, Line:1474: D:\Program Files (x86)\Python27\lib\site-packages\django-1.8.7-py2.7.egg\django\db\models\fields\__init__.py:1474: RuntimeWarning: DateTimeField MovieModel.release_time received a naive datetime (2016-09-27 00:00:00) while time zone support is active.
  RuntimeWarning)

<2016-10-04 16:20:37,539> WARNING/__init__/get_prep_value, Line:1474: D:\Program Files (x86)\Python27\lib\site-packages\django-1.8.7-py2.7.egg\django\db\models\fields\__init__.py:1474: RuntimeWarning: DateTimeField MovieModel.release_time received a naive datetime (2016-09-26 00:00:00) while time zone support is active.
  RuntimeWarning)

<2016-10-04 16:20:37,539> WARNING/__init__/get_prep_value, Line:1474: D:\Program Files (x86)\Python27\lib\site-packages\django-1.8.7-py2.7.egg\django\db\models\fields\__init__.py:1474: RuntimeWarning: DateTimeField MovieModel.release_time received a naive datetime (2016-09-25 00:00:00) while time zone support is active.
  RuntimeWarning)

<2016-10-04 16:20:37,539> WARNING/__init__/get_prep_value, Line:1474: D:\Program Files (x86)\Python27\lib\site-packages\django-1.8.7-py2.7.egg\django\db\models\fields\__init__.py:1474: RuntimeWarning: DateTimeField MovieModel.release_time received a naive datetime (2016-09-21 00:00:00) while time zone support is active.
  RuntimeWarning)

<2016-10-04 16:20:37,717> INFO/movie_model_operation/set_array_movies_data, Line:92: write data success
