<2016-10-09 07:30:43,378> INFO/views/movie, Line:11: {u'movie_type': u'1', u'sort_type': u'0', u'per_page_size': u'6', u'mode': u'list', u'page_index': u'1'}
<2016-10-09 07:30:43,387> INFO/tool/removeUnusefulText, Line:84: 瑞士军刀男
<2016-10-09 07:30:43,388> INFO/tool/removeUnusefulText, Line:84: 绝地逃亡
<2016-10-09 07:30:43,388> INFO/tool/removeUnusefulText, Line:84: 终极硬汉
<2016-10-09 07:30:43,388> INFO/tool/removeUnusefulText, Line:84: 超能敢死队
<2016-10-09 07:30:43,391> INFO/tool/removeUnusefulText, Line:84: 最终幻想15：王者之剑
<2016-10-09 07:30:43,391> INFO/tool/removeUnusefulText, Line:84: 独立日：卷土重来
<2016-10-09 07:54:50,529> INFO/views/movie, Line:11: {u'sort_type': u'0', u'movie_type': u'1', u'page_index': u'1', u'per_page_size': u'12', u'mode': u'list'}
<2016-10-09 07:54:50,538> INFO/tool/removeUnusefulText, Line:84: 咖啡公社
<2016-10-09 07:54:50,539> INFO/tool/removeUnusefulText, Line:84: 黑暗/米兰达街6号
<2016-10-09 07:54:50,542> INFO/tool/removeUnusefulText, Line:84: 爱情与友谊/情人与知己
<2016-10-09 07:54:50,543> INFO/tool/removeUnusefulText, Line:84: 张震讲故事之合租屋
<2016-10-09 07:54:50,543> INFO/tool/removeUnusefulText, Line:84: 超能敢死队加长版
<2016-10-09 07:54:50,545> INFO/tool/removeUnusefulText, Line:84: 安娜华特的离奇命运
<2016-10-09 07:54:50,546> INFO/tool/removeUnusefulText, Line:84: 爱丽丝梦游仙境2：镜中奇遇记
<2016-10-09 07:54:50,546> INFO/tool/removeUnusefulText, Line:84: 我最好朋友的婚礼
<2016-10-09 07:54:50,546> INFO/tool/removeUnusefulText, Line:84: 森林深处/进入森林
<2016-10-09 07:54:50,548> INFO/tool/removeUnusefulText, Line:84: 美国迦顿
<2016-10-09 07:54:50,548> INFO/tool/removeUnusefulText, Line:84: 诡新娘/鬼新娘
<2016-10-09 07:54:50,549> INFO/tool/removeUnusefulText, Line:84: 大鱼海棠
<2016-10-09 07:54:58,640> INFO/views/movie, Line:11: {u'sort_type': u'0', u'movie_type': u'1', u'page_index': u'2', u'per_page_size': u'12', u'mode': u'list'}
<2016-10-09 07:54:58,657> INFO/tool/removeUnusefulText, Line:84: 使徒行者
<2016-10-09 07:54:58,660> INFO/tool/removeUnusefulText, Line:84: 喊・山/喊山
<2016-10-09 07:54:58,661> INFO/tool/removeUnusefulText, Line:84: 潜伏者
<2016-10-09 07:54:58,663> INFO/tool/removeUnusefulText, Line:84: 赏金猎人
<2016-10-09 07:55:00,088> INFO/views/movie, Line:11: {u'sort_type': u'0', u'movie_type': u'1', u'page_index': u'3', u'per_page_size': u'12', u'mode': u'list'}
<2016-10-09 07:59:53,151> INFO/views/movie, Line:11: {u'movie_type': u'1', u'sort_type': u'0', u'per_page_size': u'12', u'mode': u'list', u'page_index': u'1'}
<2016-10-09 07:59:53,157> INFO/movie_manager/get_movie_list, Line:93: movie_object size :27
<2016-10-09 07:59:53,161> INFO/tool/removeUnusefulText, Line:84: 咖啡公社
<2016-10-09 07:59:53,197> INFO/tool/removeUnusefulText, Line:84: 黑暗/米兰达街6号
<2016-10-09 07:59:53,198> INFO/tool/removeUnusefulText, Line:84: 爱情与友谊/情人与知己
<2016-10-09 07:59:53,198> INFO/tool/removeUnusefulText, Line:84: 张震讲故事之合租屋
<2016-10-09 07:59:53,198> INFO/tool/removeUnusefulText, Line:84: 超能敢死队加长版
<2016-10-09 07:59:53,198> INFO/tool/removeUnusefulText, Line:84: 安娜华特的离奇命运
<2016-10-09 07:59:53,201> INFO/tool/removeUnusefulText, Line:84: 爱丽丝梦游仙境2：镜中奇遇记
<2016-10-09 07:59:53,201> INFO/tool/removeUnusefulText, Line:84: 我最好朋友的婚礼
<2016-10-09 07:59:53,201> INFO/tool/removeUnusefulText, Line:84: 森林深处/进入森林
<2016-10-09 07:59:53,201> INFO/tool/removeUnusefulText, Line:84: 美国迦顿
<2016-10-09 07:59:53,203> INFO/tool/removeUnusefulText, Line:84: 诡新娘/鬼新娘
<2016-10-09 07:59:53,203> INFO/tool/removeUnusefulText, Line:84: 大鱼海棠
